[
 {
  "Error": {
   "Message": "ERRORED! Response received (if any): ",
   "Turn": 21
  },
  "Frames": [
   {
    "Time": 154,
    "Turn": 0
   },
   {
    "Commands": [
     {
      "angle": 65446,
      "magnitude": 7,
      "owner": 0,
      "queue_number": 0,
      "shipId": 0,
      "type": "thrust"
     },
     {
      "angle": 0,
      "magnitude": 7,
      "owner": 0,
      "queue_number": 0,
      "shipId": 1,
      "type": "thrust"
     },
     {
      "angle": 90,
      "magnitude": 7,
      "owner": 0,
      "queue_number": 0,
      "shipId": 2,
      "type": "thrust"
     }
    ],
    "Planets": null,
    "Ships": [
     {
      "cooldown": 0,
      "docking": {
       "status": "undocked"
      },
      "health": 255,
      "id": 0,
      "owner": 0,
      "vel_x": 0.0,
      "vel_y": 0.0,
      "x": 61.9294614907193,
      "y": 73.2711681284319
     },
     {
      "cooldown": 0,
      "docking": {
       "status": "undocked"
      },
      "health": 255,
      "id": 1,
      "owner": 0,
      "vel_x": 0.0,
      "vel_y": 0.0,
      "x": 67.0,
      "y": 77.0
     },
     {
      "cooldown": 0,
      "docking": {
       "status": "undocked"
      },
      "health": 255,
      "id": 2,
      "owner": 0,
      "vel_x": 0.0,
      "vel_y": 0.0,
      "x": 60.0,
      "y": 90.0
     }
    ],
    "Time": 4,
    "Turn": 1
   },
   {
    "Commands": [
     {
      "angle": 327,
      "magnitude": 7,
      "owner": 0,
      "queue_number": 0,
      "shipId": 0,
      "type": "thrust"
     },
     {
      "angle": 314,
      "magnitude": 7,
      "owner": 0,
      "queue_number": 0,
      "shipId": 1,
      "type": "thrust"
     },
     {
      "angle": 183,
      "magnitude": 7,
      "owner": 0,
      "queue_number": 0,
      "shipId": 2,
      "type": "thrust"
     }
    ],
    "Planets": null,
    "Ships": [
     {
      "cooldown": 0,
      "docking": {
       "status": "undocked"
      },
      "health": 255,
      "id": 0,
      "owner": 0,
      "vel_x": 0.0,
      "vel_y": 0.0,
      "x": 67.8001554663373,
      "y": 69.4586948833267
     },
     {
      "cooldown": 0,
      "docking": {
       "status": "undocked"
      },
      "health": 255,
      "id": 1,
      "owner": 0,
      "vel_x": 0.0,
      "vel_y": 0.0,
      "x": 71.862608593213,
      "y": 71.9646213976294
     },
     {
      "cooldown": 0,
      "docking": {
       "status": "undocked"
      },
      "health": 255,
      "id": 2,
      "owner": 0,
      "vel_x": 0.0,
      "vel_y": 0.0,
      "x": 53.009593256718,
      "y": 89.6336483062994
     }
    ],
    "Time": 3,
    "Turn": 2
   },
   {
    "Commands": [
     {
      "angle": 326,
      "magnitude": 7,
      "owner": 0,
      "queue_number": 0,
      "shipId": 0,
      "type": "thrust"
     },
     {
      "angle": 314,
      "magnitude": 7,
      "owner": 0,
      "queue_number": 0,
      "shipId": 1,
      "type": "thrust"
     },
     {
      "angle": 183,
      "magnitude": 7,
      "owner": 0,
      "queue_number": 0,
      "shipId": 2,
      "type": "thrust"
     }
    ],
    "Planets": null,
    "Ships": [
     {
      "cooldown": 0,
      "docking": {
       "status": "undocked"
      },
      "health": 255,
      "id": 0,
      "owner": 0,
      "vel_x": 0.0,
      "vel_y": -8.88178419700125e-16,
      "x": 73.6034184742226,
      "y": 65.5443445590314
     },
     {
      "cooldown": 0,
      "docking": {
       "status": "undocked"
      },
      "health": 255,
      "id": 1,
      "owner": 0,
      "vel_x": 0.0,
      "vel_y": 0.0,
      "x": 76.725217186426,
      "y": 66.9292427952589
     },
     {
      "cooldown": 0,
      "docking": {
       "status": "undocked"
      },
      "health": 255,
      "id": 2,
      "owner": 0,
      "vel_x": 0.0,
      "vel_y": 0.0,
      "x": 46.019186513436,
      "y": 89.2672966125988
     }
    ],
    "Time": 1,
    "Turn": 3
   },
   {
    "Commands": [
     {
      "angle": 327,
      "magnitude": 4,
      "owner": 0,
      "queue_number": 0,
      "shipId": 0,
      "type": "thrust"
     },
     {
      "angle": 50,
      "magnitude": 7,
      "owner": 0,
      "queue_number": 0,
      "shipId": 1,
      "type": "thrust"
     },
     {
      "angle": 183,
      "magnitude": 7,
      "owner": 0,
      "queue_number": 0,
      "shipId": 2,
      "type": "thrust"
     }
    ],
    "Planets": null,
    "Ships": [
     {
      "cooldown": 0,
      "docking": {
       "status": "undocked"
      },
      "health": 255,
      "id": 0,
      "owner": 0,
      "vel_x": 0.0,
      "vel_y": 0.0,
      "x": 76.9581007460042,
      "y": 63.3657884189713
     },
     {
      "cooldown": 0,
      "docking": {
       "status": "undocked"
      },
      "health": 255,
      "id": 1,
      "owner": 0,
      "vel_x": 0.0,
      "vel_y": 0.0,
      "x": 81.2247304542317,
      "y": 72.2915538970917
     },
     {
      "cooldown": 0,
      "docking": {
       "status": "undocked"
      },
      "health": 255,
      "id": 2,
      "owner": 0,
      "vel_x": 0.0,
      "vel_y": 0.0,
      "x": 39.028779770154,
      "y": 88.9009449188982
     }
    ],
    "Time": 2,
    "Turn": 4
   },
   {
    "Commands": [
     {
      "owner": 0,
      "planet_id": 11,
      "queue_number": 0,
      "shipId": 0,
      "type": "dock"
     },
     {
      "angle": 10,
      "magnitude": 7,
      "owner": 0,
      "queue_number": 0,
      "shipId": 1,
      "type": "thrust"
     },
     {
      "angle": 183,
      "magnitude": 1,
      "owner": 0,
      "queue_number": 0,
      "shipId": 2,
      "type": "thrust"
     }
    ],
    "Planets": [
     {
      "current_production": 0,
      "docked_ships": [
       0
      ],
      "health": 1733,
      "id": 11,
      "owner": 0,
      "remaining_production": 979
     }
    ],
    "Ships": [
     {
      "cooldown": 0,
      "docking": {
       "planet_id": 11,
       "status": "docking",
       "turns_left": 5
      },
      "health": 255,
      "id": 0,
      "owner": 0,
      "vel_x": 0.0,
      "vel_y": 0.0,
      "x": 76.9581007460042,
      "y": 63.3657884189713
     },
     {
      "cooldown": 0,
      "docking": {
       "status": "undocked"
      },
      "health": 255,
      "id": 1,
      "owner": 0,
      "vel_x": 0.0,
      "vel_y": 0.0,
      "x": 88.1183847253172,
      "y": 73.5070911407602
     },
     {
      "cooldown": 0,
      "docking": {
       "status": "undocked"
      },
      "health": 255,
      "id": 2,
      "owner": 0,
      "vel_x": 0.0,
      "vel_y": 0.0,
      "x": 38.0301502353994,
      "y": 88.8486089626552
     }
    ],
    "Time": 3,
    "Turn": 5
   },
   {
    "Commands": [
     {
      "angle": 10,
      "magnitude": 7,
      "owner": 0,
      "queue_number": 0,
      "shipId": 1,
      "type": "thrust"
     },
     {
      "owner": 0,
      "planet_id": 10,
      "queue_number": 0,
      "shipId": 2,
      "type": "dock"
     }
    ],
    "Planets": [
     {
      "current_production": 0,
      "docked_ships": [
       2
      ],
      "health": 1733,
      "id": 10,
      "owner": 0,
      "remaining_production": 979
     },
     {
      "current_production": 0,
      "docked_ships": [
       0
      ],
      "health": 1733,
      "id": 11,
      "owner": 0,
      "remaining_production": 979
     }
    ],
    "Ships": [
     {
      "cooldown": 0,
      "docking": {
       "planet_id": 11,
       "status": "docking",
       "turns_left": 4
      },
      "health": 255,
      "id": 0,
      "owner": 0,
      "vel_x": 0.0,
      "vel_y": 0.0,
      "x": 76.9581007460042,
      "y": 63.3657884189713
     },
     {
      "cooldown": 0,
      "docking": {
       "status": "undocked"
      },
      "health": 255,
      "id": 1,
      "owner": 0,
      "vel_x": 0.0,
      "vel_y": 0.0,
      "x": 95.0120389964027,
      "y": 74.7226283844287
     },
     {
      "cooldown": 0,
      "docking": {
       "planet_id": 10,
       "status": "docking",
       "turns_left": 5
      },
      "health": 255,
      "id": 2,
      "owner": 0,
      "vel_x": 0.0,
      "vel_y": 0.0,
      "x": 38.0301502353994,
      "y": 88.8486089626552
     }
    ],
    "Time": 1,
    "Turn": 6
   },
   {
    "Commands": [
     {
      "angle": 10,
      "magnitude": 7,
      "owner": 0,
      "queue_number": 0,
      "shipId": 1,
      "type": "thrust"
     }
    ],
    "Planets": [
     {
      "current_production": 0,
      "docked_ships": [
       2
      ],
      "health": 1733,
      "id": 10,
      "owner": 0,
      "remaining_production": 979
     },
     {
      "current_production": 0,
      "docked_ships": [
       0
      ],
      "health": 1733,
      "id": 11,
      "owner": 0,
      "remaining_production": 979
     }
    ],
    "Ships": [
     {
      "cooldown": 0,
      "docking": {
       "planet_id": 11,
       "status": "docking",
       "turns_left": 3
      },
      "health": 255,
      "id": 0,
      "owner": 0,
      "vel_x": 0.0,
      "vel_y": 0.0,
      "x": 76.9581007460042,
      "y": 63.3657884189713
     },
     {
      "cooldown": 0,
      "docking": {
       "status": "undocked"
      },
      "health": 255,
      "id": 1,
      "owner": 0,
      "vel_x": 0.0,
      "vel_y": 0.0,
      "x": 101.905693267488,
      "y": 75.9381656280973
     },
     {
      "cooldown": 0,
      "docking": {
       "planet_id": 10,
       "status": "docking",
       "turns_left": 4
      },
      "health": 255,
      "id": 2,
      "owner": 0,
      "vel_x": 0.0,
      "vel_y": 0.0,
      "x": 38.0301502353994,
      "y": 88.8486089626552
     }
    ],
    "Time": 1,
    "Turn": 7
   },
   {
    "Commands": [
     {
      "angle": 9,
      "magnitude": 7,
      "owner": 0,
      "queue_number": 0,
      "shipId": 1,
      "type": "thrust"
     }
    ],
    "Planets": [
     {
      "current_production": 0,
      "docked_ships": [
       2
      ],
      "health": 1733,
      "id": 10,
      "owner": 0,
      "remaining_production": 979
     },
     {
      "current_production": 0,
      "docked_ships": [
       0
      ],
      "health": 1733,
      "id": 11,
      "owner": 0,
      "remaining_production": 979
     }
    ],
    "Ships": [
     {
      "cooldown": 0,
      "docking": {
       "planet_id": 11,
       "status": "docking",
       "turns_left": 2
      },
      "health": 255,
      "id": 0,
      "owner": 0,
      "vel_x": 0.0,
      "vel_y": 0.0,
      "x": 76.9581007460042,
      "y": 63.3657884189713
     },
     {
      "cooldown": 0,
      "docking": {
       "status": "undocked"
      },
      "health": 255,
      "id": 1,
      "owner": 0,
      "vel_x": 0.0,
      "vel_y": 0.0,
      "x": 108.819511651654,
      "y": 77.0332068833789
     },
     {
      "cooldown": 0,
      "docking": {
       "planet_id": 10,
       "status": "docking",
       "turns_left": 3
      },
      "health": 255,
      "id": 2,
      "owner": 0,
      "vel_x": 0.0,
      "vel_y": 0.0,
      "x": 38.0301502353994,
      "y": 88.8486089626552
     }
    ],
    "Time": 0,
    "Turn": 8
   },
   {
    "Commands": [
     {
      "angle": 0,
      "magnitude": 7,
      "owner": 0,
      "queue_number": 0,
      "shipId": 1,
      "type": "thrust"
     }
    ],
    "Planets": [
     {
      "current_production": 0,
      "docked_ships": [
       2
      ],
      "health": 1733,
      "id": 10,
      "owner": 0,
      "remaining_production": 979
     },
     {
      "current_production": 0,
      "docked_ships": [
       0
      ],
      "health": 1733,
      "id": 11,
      "owner": 0,
      "remaining_production": 979
     }
    ],
    "Ships": [
     {
      "cooldown": 0,
      "docking": {
       "planet_id": 11,
       "status": "docking",
       "turns_left": 1
      },
      "health": 255,
      "id": 0,
      "owner": 0,
      "vel_x": 0.0,
      "vel_y": 0.0,
      "x": 76.9581007460042,
      "y": 63.3657884189713
     },
     {
      "cooldown": 0,
      "docking": {
       "status": "undocked"
      },
      "health": 255,
      "id": 1,
      "owner": 0,
      "vel_x": 0.0,
      "vel_y": 0.0,
      "x": 115.819511651654,
      "y": 77.0332068833789
     },
     {
      "cooldown": 0,
      "docking": {
       "planet_id": 10,
       "status": "docking",
       "turns_left": 2
      },
      "health": 255,
      "id": 2,
      "owner": 0,
      "vel_x": 0.0,
      "vel_y": 0.0,
      "x": 38.0301502353994,
      "y": 88.8486089626552
     }
    ],
    "Time": 0,
    "Turn": 9
   },
   {
    "Commands": [
     {
      "angle": 0,
      "magnitude": 7,
      "owner": 0,
      "queue_number": 0,
      "shipId": 1,
      "type": "thrust"
     }
    ],
    "Planets": [
     {
      "current_production": 0,
      "docked_ships": [
       2
      ],
      "health": 1733,
      "id": 10,
      "owner": 0,
      "remaining_production": 979
     },
     {
      "current_production": 6,
      "docked_ships": [
       0
      ],
      "health": 1733,
      "id": 11,
      "owner": 0,
      "remaining_production": 979
     }
    ],
    "Ships": [
     {
      "cooldown": 0,
      "docking": {
       "planet_id": 11,
       "status": "docked"
      },
      "health": 255,
      "id": 0,
      "owner": 0,
      "vel_x": 0.0,
      "vel_y": 0.0,
      "x": 76.9581007460042,
      "y": 63.3657884189713
     },
     {
      "cooldown": 0,
      "docking": {
       "status": "undocked"
      },
      "health": 255,
      "id": 1,
      "owner": 0,
      "vel_x": 0.0,
      "vel_y": 0.0,
      "x": 122.819511651654,
      "y": 77.0332068833789
     },
     {
      "cooldown": 0,
      "docking": {
       "planet_id": 10,
       "status": "docking",
       "turns_left": 1
      },
      "health": 255,
      "id": 2,
      "owner": 0,
      "vel_x": 0.0,
      "vel_y": 0.0,
      "x": 38.0301502353994,
      "y": 88.8486089626552
     }
    ],
    "Time": 0,
    "Turn": 10
   },
   {
    "Commands": [
     {
      "angle": 0,
      "magnitude": 7,
      "owner": 0,
      "queue_number": 0,
      "shipId": 1,
      "type": "thrust"
     }
    ],
    "Planets": [
     {
      "current_production": 6,
      "docked_ships": [
       2
      ],
      "health": 1733,
      "id": 10,
      "owner": 0,
      "remaining_production": 979
     },
     {
      "current_production": 12,
      "docked_ships": [
       0
      ],
      "health": 1733,
      "id": 11,
      "owner": 0,
      "remaining_production": 979
     }
    ],
    "Ships": [
     {
      "cooldown": 0,
      "docking": {
       "planet_id": 11,
       "status": "docked"
      },
      "health": 255,
      "id": 0,
      "owner": 0,
      "vel_x": 0.0,
      "vel_y": 0.0,
      "x": 76.9581007460042,
      "y": 63.3657884189713
     },
     {
      "cooldown": 0,
      "docking": {
       "status": "undocked"
      },
      "health": 255,
      "id": 1,
      "owner": 0,
      "vel_x": 0.0,
      "vel_y": 0.0,
      "x": 129.819511651654,
      "y": 77.0332068833789
     },
     {
      "cooldown": 0,
      "docking": {
       "planet_id": 10,
       "status": "docked"
      },
      "health": 255,
      "id": 2,
      "owner": 0,
      "vel_x": 0.0,
      "vel_y": 0.0,
      "x": 38.0301502353994,
      "y": 88.8486089626552
     }
    ],
    "Time": 0,
    "Turn": 11
   },
   {
    "Commands": [
     {
      "angle": 0,
      "magnitude": 7,
      "owner": 0,
      "queue_number": 0,
      "shipId": 1,
      "type": "thrust"
     }
    ],
    "Planets": [
     {
      "current_production": 12,
      "docked_ships": [
       2
      ],
      "health": 1733,
      "id": 10,
      "owner": 0,
      "remaining_production": 979
     },
     {
      "current_production": 18,
      "docked_ships": [
       0
      ],
      "health": 1733,
      "id": 11,
      "owner": 0,
      "remaining_production": 979
     }
    ],
    "Ships": [
     {
      "cooldown": 0,
      "docking": {
       "planet_id": 11,
       "status": "docked"
      },
      "health": 255,
      "id": 0,
      "owner": 0,
      "vel_x": 0.0,
      "vel_y": 0.0,
      "x": 76.9581007460042,
      "y": 63.3657884189713
     },
     {
      "cooldown": 0,
      "docking": {
       "status": "undocked"
      },
      "health": 255,
      "id": 1,
      "owner": 0,
      "vel_x": 0.0,
      "vel_y": 0.0,
      "x": 136.819511651654,
      "y": 77.0332068833789
     },
     {
      "cooldown": 0,
      "docking": {
       "planet_id": 10,
       "status": "docked"
      },
      "health": 255,
      "id": 2,
      "owner": 0,
      "vel_x": 0.0,
      "vel_y": 0.0,
      "x": 38.0301502353994,
      "y": 88.8486089626552
     }
    ],
    "Time": 0,
    "Turn": 12
   },
   {
    "Commands": [
     {
      "angle": 0,
      "magnitude": 7,
      "owner": 0,
      "queue_number": 0,
      "shipId": 1,
      "type": "thrust"
     }
    ],
    "Planets": [
     {
      "current_production": 18,
      "docked_ships": [
       2
      ],
      "health": 1733,
      "id": 10,
      "owner": 0,
      "remaining_production": 979
     },
     {
      "current_production": 24,
      "docked_ships": [
       0
      ],
      "health": 1733,
      "id": 11,
      "owner": 0,
      "remaining_production": 979
     }
    ],
    "Ships": [
     {
      "cooldown": 0,
      "docking": {
       "planet_id": 11,
       "status": "docked"
      },
      "health": 255,
      "id": 0,
      "owner": 0,
      "vel_x": 0.0,
      "vel_y": 0.0,
      "x": 76.9581007460042,
      "y": 63.3657884189713
     },
     {
      "cooldown": 0,
      "docking": {
       "status": "undocked"
      },
      "health": 255,
      "id": 1,
      "owner": 0,
      "vel_x": 0.0,
      "vel_y": 0.0,
      "x": 143.819511651654,
      "y": 77.0332068833789
     },
     {
      "cooldown": 0,
      "docking": {
       "planet_id": 10,
       "status": "docked"
      },
      "health": 255,
      "id": 2,
      "owner": 0,
      "vel_x": 0.0,
      "vel_y": 0.0,
      "x": 38.0301502353994,
      "y": 88.8486089626552
     }
    ],
    "Time": 0,
    "Turn": 13
   },
   {
    "Commands": [
     {
      "angle": 0,
      "magnitude": 7,
      "owner": 0,
      "queue_number": 0,
      "shipId": 1,
      "type": "thrust"
     }
    ],
    "Planets": [
     {
      "current_production": 24,
      "docked_ships": [
       2
      ],
      "health": 1733,
      "id": 10,
      "owner": 0,
      "remaining_production": 979
     },
     {
      "current_production": 30,
      "docked_ships": [
       0
      ],
      "health": 1733,
      "id": 11,
      "owner": 0,
      "remaining_production": 979
     }
    ],
    "Ships": [
     {
      "cooldown": 0,
      "docking": {
       "planet_id": 11,
       "status": "docked"
      },
      "health": 255,
      "id": 0,
      "owner": 0,
      "vel_x": 0.0,
      "vel_y": 0.0,
      "x": 76.9581007460042,
      "y": 63.3657884189713
     },
     {
      "cooldown": 0,
      "docking": {
       "status": "undocked"
      },
      "health": 255,
      "id": 1,
      "owner": 0,
      "vel_x": 0.0,
      "vel_y": 0.0,
      "x": 150.819511651654,
      "y": 77.0332068833789
     },
     {
      "cooldown": 0,
      "docking": {
       "planet_id": 10,
       "status": "docked"
      },
      "health": 255,
      "id": 2,
      "owner": 0,
      "vel_x": 0.0,
      "vel_y": 0.0,
      "x": 38.0301502353994,
      "y": 88.8486089626552
     }
    ],
    "Time": 0,
    "Turn": 14
   },
   {
    "Commands": [
     {
      "angle": 357,
      "magnitude": 7,
      "owner": 0,
      "queue_number": 0,
      "shipId": 1,
      "type": "thrust"
     }
    ],
    "Planets": [
     {
      "current_production": 30,
      "docked_ships": [
       2
      ],
      "health": 1733,
      "id": 10,
      "owner": 0,
      "remaining_production": 979
     },
     {
      "current_production": 36,
      "docked_ships": [
       0
      ],
      "health": 1733,
      "id": 11,
      "owner": 0,
      "remaining_production": 979
     }
    ],
    "Ships": [
     {
      "cooldown": 0,
      "docking": {
       "planet_id": 11,
       "status": "docked"
      },
      "health": 255,
      "id": 0,
      "owner": 0,
      "vel_x": 0.0,
      "vel_y": 0.0,
      "x": 76.9581007460042,
      "y": 63.3657884189713
     },
     {
      "cooldown": 0,
      "docking": {
       "status": "undocked"
      },
      "health": 255,
      "id": 1,
      "owner": 0,
      "vel_x": 0.0,
      "vel_y": 0.0,
      "x": 157.809918394936,
      "y": 76.6668551896783
     },
     {
      "cooldown": 0,
      "docking": {
       "planet_id": 10,
       "status": "docked"
      },
      "health": 255,
      "id": 2,
      "owner": 0,
      "vel_x": 0.0,
      "vel_y": 0.0,
      "x": 38.0301502353994,
      "y": 88.8486089626552
     }
    ],
    "Time": 0,
    "Turn": 15
   },
   {
    "Commands": [
     {
      "angle": 357,
      "magnitude": 7,
      "owner": 0,
      "queue_number": 0,
      "shipId": 1,
      "type": "thrust"
     }
    ],
    "Planets": [
     {
      "current_production": 36,
      "docked_ships": [
       2
      ],
      "health": 1733,
      "id": 10,
      "owner": 0,
      "remaining_production": 979
     },
     {
      "current_production": 42,
      "docked_ships": [
       0
      ],
      "health": 1733,
      "id": 11,
      "owner": 0,
      "remaining_production": 979
     }
    ],
    "Ships": [
     {
      "cooldown": 0,
      "docking": {
       "planet_id": 11,
       "status": "docked"
      },
      "health": 255,
      "id": 0,
      "owner": 0,
      "vel_x": 0.0,
      "vel_y": 0.0,
      "x": 76.9581007460042,
      "y": 63.3657884189713
     },
     {
      "cooldown": 0,
      "docking": {
       "status": "undocked"
      },
      "health": 255,
      "id": 1,
      "owner": 0,
      "vel_x": 0.0,
      "vel_y": 0.0,
      "x": 164.800325138218,
      "y": 76.3005034959777
     },
     {
      "cooldown": 0,
      "docking": {
       "planet_id": 10,
       "status": "docked"
      },
      "health": 255,
      "id": 2,
      "owner": 0,
      "vel_x": 0.0,
      "vel_y": 0.0,
      "x": 38.0301502353994,
      "y": 88.8486089626552
     }
    ],
    "Time": 0,
    "Turn": 16
   },
   {
    "Commands": [
     {
      "angle": 357,
      "magnitude": 7,
      "owner": 0,
      "queue_number": 0,
      "shipId": 1,
      "type": "thrust"
     }
    ],
    "Planets": [
     {
      "current_production": 42,
      "docked_ships": [
       2
      ],
      "health": 1733,
      "id": 10,
      "owner": 0,
      "remaining_production": 979
     },
     {
      "current_production": 48,
      "docked_ships": [
       0
      ],
      "health": 1733,
      "id": 11,
      "owner": 0,
      "remaining_production": 979
     }
    ],
    "Ships": [
     {
      "cooldown": 0,
      "docking": {
       "planet_id": 11,
       "status": "docked"
      },
      "health": 255,
      "id": 0,
      "owner": 0,
      "vel_x": 0.0,
      "vel_y": 0.0,
      "x": 76.9581007460042,
      "y": 63.3657884189713
     },
     {
      "cooldown": 0,
      "docking": {
       "status": "undocked"
      },
      "health": 255,
      "id": 1,
      "owner": 0,
      "vel_x": 0.0,
      "vel_y": 0.0,
      "x": 171.7907318815,
      "y": 75.934151802277
     },
     {
      "cooldown": 0,
      "docking": {
       "planet_id": 10,
       "status": "docked"
      },
      "health": 255,
      "id": 2,
      "owner": 0,
      "vel_x": 0.0,
      "vel_y": 0.0,
      "x": 38.0301502353994,
      "y": 88.8486089626552
     }
    ],
    "Time": 0,
    "Turn": 17
   },
   {
    "Commands": [
     {
      "angle": 357,
      "magnitude": 7,
      "owner": 0,
      "queue_number": 0,
      "shipId": 1,
      "type": "thrust"
     }
    ],
    "Planets": [
     {
      "current_production": 48,
      "docked_ships": [
       2
      ],
      "health": 1733,
      "id": 10,
      "owner": 0,
      "remaining_production": 979
     },
     {
      "current_production": 54,
      "docked_ships": [
       0
      ],
      "health": 1733,
      "id": 11,
      "owner": 0,
      "remaining_production": 979
     }
    ],
    "Ships": [
     {
      "cooldown": 0,
      "docking": {
       "planet_id": 11,
       "status": "docked"
      },
      "health": 255,
      "id": 0,
      "owner": 0,
      "vel_x": 0.0,
      "vel_y": 0.0,
      "x": 76.9581007460042,
      "y": 63.3657884189713
     },
     {
      "cooldown": 0,
      "docking": {
       "status": "undocked"
      },
      "health": 255,
      "id": 1,
      "owner": 0,
      "vel_x": 0.0,
      "vel_y": 0.0,
      "x": 178.781138624782,
      "y": 75.5678001085764
     },
     {
      "cooldown": 0,
      "docking": {
       "planet_id": 10,
       "status": "docked"
      },
      "health": 255,
      "id": 2,
      "owner": 0,
      "vel_x": 0.0,
      "vel_y": 0.0,
      "x": 38.0301502353994,
      "y": 88.8486089626552
     }
    ],
    "Time": 0,
    "Turn": 18
   },
   {
    "Commands": [
     {
      "angle": 3,
      "magnitude": 7,
      "owner": 0,
      "queue_number": 0,
      "shipId": 1,
      "type": "thrust"
     }
    ],
    "Planets": [
     {
      "current_production": 54,
      "docked_ships": [
       2
      ],
      "health": 1733,
      "id": 10,
      "owner": 0,
      "remaining_production": 979
     },
     {
      "current_production": 60,
      "docked_ships": [
       0
      ],
      "health": 1733,
      "id": 11,
      "owner": 0,
      "remaining_production": 979
     }
    ],
    "Ships": [
     {
      "cooldown": 0,
      "docking": {
       "planet_id": 11,
       "status": "docked"
      },
      "health": 255,
      "id": 0,
      "owner": 0,
      "vel_x": 0.0,
      "vel_y": 0.0,
      "x": 76.9581007460042,
      "y": 63.3657884189713
     },
     {
      "cooldown": 0,
      "docking": {
       "status": "undocked"
      },
      "health": 255,
      "id": 1,
      "owner": 0,
      "vel_x": 0.0,
      "vel_y": 0.0,
      "x": 185.771545368064,
      "y": 75.934151802277
     },
     {
      "cooldown": 0,
      "docking": {
       "planet_id": 10,
       "status": "docked"
      },
      "health": 255,
      "id": 2,
      "owner": 0,
      "vel_x": 0.0,
      "vel_y": 0.0,
      "x": 38.0301502353994,
      "y": 88.8486089626552
     }
    ],
    "Time": 0,
    "Turn": 19
   },
   {
    "Commands": [
     {
      "angle": 355,
      "magnitude": 7,
      "owner": 0,
      "queue_number": 0,
      "shipId": 1,
      "type": "thrust"
     }
    ],
    "Planets": [
     {
      "current_production": 60,
      "docked_ships": [
       2
      ],
      "health": 1733,
      "id": 10,
      "owner": 0,
      "remaining_production": 979
     },
     {
      "current_production": 66,
      "docked_ships": [
       0
      ],
      "health": 1733,
      "id": 11,
      "owner": 0,
      "remaining_production": 979
     }
    ],
    "Ships": [
     {
      "cooldown": 0,
      "docking": {
       "planet_id": 11,
       "status": "docked"
      },
      "health": 255,
      "id": 0,
      "owner": 0,
      "vel_x": 0.0,
      "vel_y": 0.0,
      "x": 76.9581007460042,
      "y": 63.3657884189713
     },
     {
      "cooldown": 0,
      "docking": {
       "status": "undocked"
      },
      "health": 255,
      "id": 1,
      "owner": 0,
      "vel_x": 0.0,
      "vel_y": 2.33146835171283e-15,
      "x": 192.744908254706,
      "y": 75.3240616030434
     },
     {
      "cooldown": 0,
      "docking": {
       "planet_id": 10,
       "status": "docked"
      },
      "health": 255,
      "id": 2,
      "owner": 0,
      "vel_x": 0.0,
      "vel_y": 0.0,
      "x": 38.0301502353994,
      "y": 88.8486089626552
     }
    ],
    "Time": 0,
    "Turn": 20
   },
   null
  ],
  "PlayerID": 0,
  "PlayerName": "BetterBot"
 },
 {
  "Error": {},
  "Frames": [
   {
    "Time": 181,
    "Turn": 0
   },
   {
    "Commands": [
     {
      "angle": 0,
      "magnitude": 0,
      "owner": 1,
      "queue_number": 0,
      "shipId": 3,
      "type": "thrust"
     },
     {
      "angle": 0,
      "magnitude": 1,
      "owner": 1,
      "queue_number": 0,
      "shipId": 4,
      "type": "thrust"
     },
     {
      "angle": 0,
      "magnitude": 4,
      "owner": 1,
      "queue_number": 0,
      "shipId": 5,
      "type": "thrust"
     }
    ],
    "Planets": null,
    "Ships": [
     {
      "cooldown": 0,
      "docking": {
       "status": "undocked"
      },
      "health": 255,
      "id": 3,
      "owner": 1,
      "vel_x": 0.0,
      "vel_y": 0.0,
      "x": 180.0,
      "y": 80.0
     },
     {
      "cooldown": 0,
      "docking": {
       "status": "undocked"
      },
      "health": 255,
      "id": 4,
      "owner": 1,
      "vel_x": 0.0,
      "vel_y": 0.0,
      "x": 181.0,
      "y": 77.0
     },
     {
      "cooldown": 0,
      "docking": {
       "status": "undocked"
      },
      "health": 255,
      "id": 5,
      "owner": 1,
      "vel_x": 0.0,
      "vel_y": 0.0,
      "x": 184.0,
      "y": 83.0
     }
    ],
    "Time": 5,
    "Turn": 1
   },
   {
    "Commands": [
     {
      "angle": 345,
      "magnitude": 7,
      "owner": 1,
      "queue_number": 0,
      "shipId": 3,
      "type": "thrust"
     },
     {
      "angle": 350,
      "magnitude": 7,
      "owner": 1,
      "queue_number": 0,
      "shipId": 4,
      "type": "thrust"
     },
     {
      "angle": 338,
      "magnitude": 7,
      "owner": 1,
      "queue_number": 0,
      "shipId": 5,
      "type": "thrust"
     }
    ],
    "Planets": null,
    "Ships": [
     {
      "cooldown": 0,
      "docking": {
       "status": "undocked"
      },
      "health": 255,
      "id": 3,
      "owner": 1,
      "vel_x": 0.0,
      "vel_y": 0.0,
      "x": 186.761480784023,
      "y": 78.1882666842824
     },
     {
      "cooldown": 0,
      "docking": {
       "status": "undocked"
      },
      "health": 255,
      "id": 4,
      "owner": 1,
      "vel_x": 0.0,
      "vel_y": 0.0,
      "x": 187.893654271085,
      "y": 75.7844627563315
     },
     {
      "cooldown": 0,
      "docking": {
       "status": "undocked"
      },
      "health": 255,
      "id": 5,
      "owner": 1,
      "vel_x": 0.0,
      "vel_y": 0.0,
      "x": 190.490286981968,
      "y": 80.3777538460886
     }
    ],
    "Time": 3,
    "Turn": 2
   },
   {
    "Commands": [
     {
      "angle": 345,
      "magnitude": 7,
      "owner": 1,
      "queue_number": 0,
      "shipId": 3,
      "type": "thrust"
     },
     {
      "angle": 350,
      "magnitude": 7,
      "owner": 1,
      "queue_number": 0,
      "shipId": 4,
      "type": "thrust"
     },
     {
      "angle": 338,
      "magnitude": 7,
      "owner": 1,
      "queue_number": 0,
      "shipId": 5,
      "type": "thrust"
     }
    ],
    "Planets": null,
    "Ships": [
     {
      "cooldown": 0,
      "docking": {
       "status": "undocked"
      },
      "health": 255,
      "id": 3,
      "owner": 1,
      "vel_x": 0.0,
      "vel_y": 0.0,
      "x": 193.522961568047,
      "y": 76.3765333685647
     },
     {
      "cooldown": 0,
      "docking": {
       "status": "undocked"
      },
      "health": 255,
      "id": 4,
      "owner": 1,
      "vel_x": 0.0,
      "vel_y": 0.0,
      "x": 194.787308542171,
      "y": 74.568925512663
     },
     {
      "cooldown": 0,
      "docking": {
       "status": "undocked"
      },
      "health": 255,
      "id": 5,
      "owner": 1,
      "vel_x": 0.0,
      "vel_y": 0.0,
      "x": 196.980573963935,
      "y": 77.7555076921772
     }
    ],
    "Time": 0,
    "Turn": 3
   },
   {
    "Commands": [
     {
      "angle": 345,
      "magnitude": 7,
      "owner": 1,
      "queue_number": 0,
      "shipId": 3,
      "type": "thrust"
     },
     {
      "angle": 350,
      "magnitude": 7,
      "owner": 1,
      "queue_number": 0,
      "shipId": 4,
      "type": "thrust"
     },
     {
      "angle": 338,
      "magnitude": 6,
      "owner": 1,
      "queue_number": 0,
      "shipId": 5,
      "type": "thrust"
     }
    ],
    "Planets": null,
    "Ships": [
     {
      "cooldown": 0,
      "docking": {
       "status": "undocked"
      },
      "health": 255,
      "id": 3,
      "owner": 1,
      "vel_x": 0.0,
      "vel_y": 0.0,
      "x": 200.28444235207,
      "y": 74.5648000528471
     },
     {
      "cooldown": 0,
      "docking": {
       "status": "undocked"
      },
      "health": 255,
      "id": 4,
      "owner": 1,
      "vel_x": 0.0,
      "vel_y": 0.0,
      "x": 201.680962813256,
      "y": 73.3533882689944
     },
     {
      "cooldown": 0,
      "docking": {
       "status": "undocked"
      },
      "health": 255,
      "id": 5,
      "owner": 1,
      "vel_x": 0.0,
      "vel_y": 0.0,
      "x": 202.543677091336,
      "y": 75.5078681316817
     }
    ],
    "Time": 2,
    "Turn": 4
   },
   {
    "Commands": [
     {
      "angle": 356,
      "magnitude": 2,
      "owner": 1,
      "queue_number": 0,
      "shipId": 3,
      "type": "thrust"
     },
     {
      "owner": 1,
      "planet_id": 8,
      "queue_number": 0,
      "shipId": 4,
      "type": "dock"
     },
     {
      "owner": 1,
      "planet_id": 8,
      "queue_number": 0,
      "shipId": 5,
      "type": "dock"
     }
    ],
    "Planets": [
     {
      "current_production": 0,
      "docked_ships": [
       4,
       5
      ],
      "health": 1733,
      "id": 8,
      "owner": 1,
      "remaining_production": 979
     }
    ],
    "Ships": [
     {
      "cooldown": 0,
      "docking": {
       "status": "undocked"
      },
      "health": 255,
      "id": 3,
      "owner": 1,
      "vel_x": 0.0,
      "vel_y": 0.0,
      "x": 202.27957045259,
      "y": 74.4252871053588
     },
     {
      "cooldown": 0,
      "docking": {
       "planet_id": 8,
       "status": "docking",
       "turns_left": 5
      },
      "health": 255,
      "id": 4,
      "owner": 1,
      "vel_x": 0.0,
      "vel_y": 0.0,
      "x": 201.680962813256,
      "y": 73.3533882689944
     },
     {
      "cooldown": 0,
      "docking": {
       "planet_id": 8,
       "status": "docking",
       "turns_left": 5
      },
      "health": 255,
      "id": 5,
      "owner": 1,
      "vel_x": 0.0,
      "vel_y": 0.0,
      "x": 202.543677091336,
      "y": 75.5078681316817
     }
    ],
    "Time": 0,
    "Turn": 5
   },
   {
    "Commands": [
     {
      "owner": 1,
      "planet_id": 8,
      "queue_number": 0,
      "shipId": 3,
      "type": "dock"
     }
    ],
    "Planets": [
     {
      "current_production": 0,
      "docked_ships": [
       4,
       5,
       3
      ],
      "health": 1733,
      "id": 8,
      "owner": 1,
      "remaining_production": 979
     }
    ],
    "Ships": [
     {
      "cooldown": 0,
      "docking": {
       "planet_id": 8,
       "status": "docking",
       "turns_left": 5
      },
      "health": 255,
      "id": 3,
      "owner": 1,
      "vel_x": 0.0,
      "vel_y": 0.0,
      "x": 202.27957045259,
      "y": 74.4252871053588
     },
     {
      "cooldown": 0,
      "docking": {
       "planet_id": 8,
       "status": "docking",
       "turns_left": 4
      },
      "health": 255,
      "id": 4,
      "owner": 1,
      "vel_x": 0.0,
      "vel_y": 0.0,
      "x": 201.680962813256,
      "y": 73.3533882689944
     },
     {
      "cooldown": 0,
      "docking": {
       "planet_id": 8,
       "status": "docking",
       "turns_left": 4
      },
      "health": 255,
      "id": 5,
      "owner": 1,
      "vel_x": 0.0,
      "vel_y": 0.0,
      "x": 202.543677091336,
      "y": 75.5078681316817
     }
    ],
    "Time": 1,
    "Turn": 6
   },
   {
    "Commands": null,
    "Planets": [
     {
      "current_production": 0,
      "docked_ships": [
       4,
       5,
       3
      ],
      "health": 1733,
      "id": 8,
      "owner": 1,
      "remaining_production": 979
     }
    ],
    "Ships": [
     {
      "cooldown": 0,
      "docking": {
       "planet_id": 8,
       "status": "docking",
       "turns_left": 4
      },
      "health": 255,
      "id": 3,
      "owner": 1,
      "vel_x": 0.0,
      "vel_y": 0.0,
      "x": 202.27957045259,
      "y": 74.4252871053588
     },
     {
      "cooldown": 0,
      "docking": {
       "planet_id": 8,
       "status": "docking",
       "turns_left": 3
      },
      "health": 255,
      "id": 4,
      "owner": 1,
      "vel_x": 0.0,
      "vel_y": 0.0,
      "x": 201.680962813256,
      "y": 73.3533882689944
     },
     {
      "cooldown": 0,
      "docking": {
       "planet_id": 8,
       "status": "docking",
       "turns_left": 3
      },
      "health": 255,
      "id": 5,
      "owner": 1,
      "vel_x": 0.0,
      "vel_y": 0.0,
      "x": 202.543677091336,
      "y": 75.5078681316817
     }
    ],
    "Time": 1,
    "Turn": 7
   },
   {
    "Commands": null,
    "Planets": [
     {
      "current_production": 0,
      "docked_ships": [
       4,
       5,
       3
      ],
      "health": 1733,
      "id": 8,
      "owner": 1,
      "remaining_production": 979
     }
    ],
    "Ships": [
     {
      "cooldown": 0,
      "docking": {
       "planet_id": 8,
       "status": "docking",
       "turns_left": 3
      },
      "health": 255,
      "id": 3,
      "owner": 1,
      "vel_x": 0.0,
      "vel_y": 0.0,
      "x": 202.27957045259,
      "y": 74.4252871053588
     },
     {
      "cooldown": 0,
      "docking": {
       "planet_id": 8,
       "status": "docking",
       "turns_left": 2
      },
      "health": 255,
      "id": 4,
      "owner": 1,
      "vel_x": 0.0,
      "vel_y": 0.0,
      "x": 201.680962813256,
      "y": 73.3533882689944
     },
     {
      "cooldown": 0,
      "docking": {
       "planet_id": 8,
       "status": "docking",
       "turns_left": 2
      },
      "health": 255,
      "id": 5,
      "owner": 1,
      "vel_x": 0.0,
      "vel_y": 0.0,
      "x": 202.543677091336,
      "y": 75.5078681316817
     }
    ],
    "Time": 0,
    "Turn": 8
   },
   {
    "Commands": null,
    "Planets": [
     {
      "current_production": 0,
      "docked_ships": [
       4,
       5,
       3
      ],
      "health": 1733,
      "id": 8,
      "owner": 1,
      "remaining_production": 979
     }
    ],
    "Ships": [
     {
      "cooldown": 0,
      "docking": {
       "planet_id": 8,
       "status": "docking",
       "turns_left": 2
      },
      "health": 255,
      "id": 3,
      "owner": 1,
      "vel_x": 0.0,
      "vel_y": 0.0,
      "x": 202.27957045259,
      "y": 74.4252871053588
     },
     {
      "cooldown": 0,
      "docking": {
       "planet_id": 8,
       "status": "docking",
       "turns_left": 1
      },
      "health": 255,
      "id": 4,
      "owner": 1,
      "vel_x": 0.0,
      "vel_y": 0.0,
      "x": 201.680962813256,
      "y": 73.3533882689944
     },
     {
      "cooldown": 0,
      "docking": {
       "planet_id": 8,
       "status": "docking",
       "turns_left": 1
      },
      "health": 255,
      "id": 5,
      "owner": 1,
      "vel_x": 0.0,
      "vel_y": 0.0,
      "x": 202.543677091336,
      "y": 75.5078681316817
     }
    ],
    "Time": 0,
    "Turn": 9
   },
   {
    "Commands": null,
    "Planets": [
     {
      "current_production": 12,
      "docked_ships": [
       4,
       5,
       3
      ],
      "health": 1733,
      "id": 8,
      "owner": 1,
      "remaining_production": 979
     }
    ],
    "Ships": [
     {
      "cooldown": 0,
      "docking": {
       "planet_id": 8,
       "status": "docking",
       "turns_left": 1
      },
      "health": 255,
      "id": 3,
      "owner": 1,
      "vel_x": 0.0,
      "vel_y": 0.0,
      "x": 202.27957045259,
      "y": 74.4252871053588
     },
     {
      "cooldown": 0,
      "docking": {
       "planet_id": 8,
       "status": "docked"
      },
      "health": 255,
      "id": 4,
      "owner": 1,
      "vel_x": 0.0,
      "vel_y": 0.0,
      "x": 201.680962813256,
      "y": 73.3533882689944
     },
     {
      "cooldown": 0,
      "docking": {
       "planet_id": 8,
       "status": "docked"
      },
      "health": 255,
      "id": 5,
      "owner": 1,
      "vel_x": 0.0,
      "vel_y": 0.0,
      "x": 202.543677091336,
      "y": 75.5078681316817
     }
    ],
    "Time": 0,
    "Turn": 10
   },
   {
    "Commands": null,
    "Planets": [
     {
      "current_production": 30,
      "docked_ships": [
       4,
       5,
       3
      ],
      "health": 1733,
      "id": 8,
      "owner": 1,
      "remaining_production": 979
     }
    ],
    "Ships": [
     {
      "cooldown": 0,
      "docking": {
       "planet_id": 8,
       "status": "docked"
      },
      "health": 255,
      "id": 3,
      "owner": 1,
      "vel_x": 0.0,
      "vel_y": 0.0,
      "x": 202.27957045259,
      "y": 74.4252871053588
     },
     {
      "cooldown": 0,
      "docking": {
       "planet_id": 8,
       "status": "docked"
      },
      "health": 255,
      "id": 4,
      "owner": 1,
      "vel_x": 0.0,
      "vel_y": 0.0,
      "x": 201.680962813256,
      "y": 73.3533882689944
     },
     {
      "cooldown": 0,
      "docking": {
       "planet_id": 8,
       "status": "docked"
      },
      "health": 255,
      "id": 5,
      "owner": 1,
      "vel_x": 0.0,
      "vel_y": 0.0,
      "x": 202.543677091336,
      "y": 75.5078681316817
     }
    ],
    "Time": 0,
    "Turn": 11
   },
   {
    "Commands": null,
    "Planets": [
     {
      "current_production": 48,
      "docked_ships": [
       4,
       5,
       3
      ],
      "health": 1733,
      "id": 8,
      "owner": 1,
      "remaining_production": 979
     }
    ],
    "Ships": [
     {
      "cooldown": 0,
      "docking": {
       "planet_id": 8,
       "status": "docked"
      },
      "health": 255,
      "id": 3,
      "owner": 1,
      "vel_x": 0.0,
      "vel_y": 0.0,
      "x": 202.27957045259,
      "y": 74.4252871053588
     },
     {
      "cooldown": 0,
      "docking": {
       "planet_id": 8,
       "status": "docked"
      },
      "health": 255,
      "id": 4,
      "owner": 1,
      "vel_x": 0.0,
      "vel_y": 0.0,
      "x": 201.680962813256,
      "y": 73.3533882689944
     },
     {
      "cooldown": 0,
      "docking": {
       "planet_id": 8,
       "status": "docked"
      },
      "health": 255,
      "id": 5,
      "owner": 1,
      "vel_x": 0.0,
      "vel_y": 0.0,
      "x": 202.543677091336,
      "y": 75.5078681316817
     }
    ],
    "Time": 0,
    "Turn": 12
   },
   {
    "Commands": null,
    "Planets": [
     {
      "current_production": 66,
      "docked_ships": [
       4,
       5,
       3
      ],
      "health": 1733,
      "id": 8,
      "owner": 1,
      "remaining_production": 979
     }
    ],
    "Ships": [
     {
      "cooldown": 0,
      "docking": {
       "planet_id": 8,
       "status": "docked"
      },
      "health": 255,
      "id": 3,
      "owner": 1,
      "vel_x": 0.0,
      "vel_y": 0.0,
      "x": 202.27957045259,
      "y": 74.4252871053588
     },
     {
      "cooldown": 0,
      "docking": {
       "planet_id": 8,
       "status": "docked"
      },
      "health": 255,
      "id": 4,
      "owner": 1,
      "vel_x": 0.0,
      "vel_y": 0.0,
      "x": 201.680962813256,
      "y": 73.3533882689944
     },
     {
      "cooldown": 0,
      "docking": {
       "planet_id": 8,
       "status": "docked"
      },
      "health": 255,
      "id": 5,
      "owner": 1,
      "vel_x": 0.0,
      "vel_y": 0.0,
      "x": 202.543677091336,
      "y": 75.5078681316817
     }
    ],
    "Time": 0,
    "Turn": 13
   },
   {
    "Commands": null,
    "Planets": [
     {
      "current_production": 12,
      "docked_ships": [
       4,
       5,
       3
      ],
      "health": 1733,
      "id": 8,
      "owner": 1,
      "remaining_production": 979
     }
    ],
    "Ships": [
     {
      "cooldown": 0,
      "docking": {
       "planet_id": 8,
       "status": "docked"
      },
      "health": 255,
      "id": 3,
      "owner": 1,
      "vel_x": 0.0,
      "vel_y": 0.0,
      "x": 202.27957045259,
      "y": 74.4252871053588
     },
     {
      "cooldown": 0,
      "docking": {
       "planet_id": 8,
       "status": "docked"
      },
      "health": 255,
      "id": 4,
      "owner": 1,
      "vel_x": 0.0,
      "vel_y": 0.0,
      "x": 201.680962813256,
      "y": 73.3533882689944
     },
     {
      "cooldown": 0,
      "docking": {
       "planet_id": 8,
       "status": "docked"
      },
      "health": 255,
      "id": 5,
      "owner": 1,
      "vel_x": 0.0,
      "vel_y": 0.0,
      "x": 202.543677091336,
      "y": 75.5078681316817
     },
     {
      "cooldown": 0,
      "docking": {
       "status": "undocked"
      },
      "health": 255,
      "id": 6,
      "owner": 1,
      "vel_x": 0.0,
      "vel_y": 0.0,
      "x": 203.021450130431,
      "y": 71.6122784559823
     }
    ],
    "Time": 0,
    "Turn": 14
   },
   {
    "Commands": [
     {
      "angle": 219,
      "magnitude": 7,
      "owner": 1,
      "queue_number": 0,
      "shipId": 6,
      "type": "thrust"
     }
    ],
    "Planets": [
     {
      "current_production": 30,
      "docked_ships": [
       4,
       5,
       3
      ],
      "health": 1733,
      "id": 8,
      "owner": 1,
      "remaining_production": 979
     }
    ],
    "Ships": [
     {
      "cooldown": 0,
      "docking": {
       "planet_id": 8,
       "status": "docked"
      },
      "health": 255,
      "id": 3,
      "owner": 1,
      "vel_x": 0.0,
      "vel_y": 0.0,
      "x": 202.27957045259,
      "y": 74.4252871053588
     },
     {
      "cooldown": 0,
      "docking": {
       "planet_id": 8,
       "status": "docked"
      },
      "health": 255,
      "id": 4,
      "owner": 1,
      "vel_x": 0.0,
      "vel_y": 0.0,
      "x": 201.680962813256,
      "y": 73.3533882689944
     },
     {
      "cooldown": 0,
      "docking": {
       "planet_id": 8,
       "status": "docked"
      },
      "health": 255,
      "id": 5,
      "owner": 1,
      "vel_x": 0.0,
      "vel_y": 0.0,
      "x": 202.543677091336,
      "y": 75.5078681316817
     },
     {
      "cooldown": 0,
      "docking": {
       "status": "undocked"
      },
      "health": 255,
      "id": 6,
      "owner": 1,
      "vel_x": 0.0,
      "vel_y": 0.0,
      "x": 197.581428400232,
      "y": 67.2070357186334
     }
    ],
    "Time": 0,
    "Turn": 15
   },
   {
    "Commands": [
     {
      "angle": 220,
      "magnitude": 7,
      "owner": 1,
      "queue_number": 0,
      "shipId": 6,
      "type": "thrust"
     }
    ],
    "Planets": [
     {
      "current_production": 48,
      "docked_ships": [
       4,
       5,
       3
      ],
      "health": 1733,
      "id": 8,
      "owner": 1,
      "remaining_production": 979
     }
    ],
    "Ships": [
     {
      "cooldown": 0,
      "docking": {
       "planet_id": 8,
       "status": "docked"
      },
      "health": 255,
      "id": 3,
      "owner": 1,
      "vel_x": 0.0,
      "vel_y": 0.0,
      "x": 202.27957045259,
      "y": 74.4252871053588
     },
     {
      "cooldown": 0,
      "docking": {
       "planet_id": 8,
       "status": "docked"
      },
      "health": 255,
      "id": 4,
      "owner": 1,
      "vel_x": 0.0,
      "vel_y": 0.0,
      "x": 201.680962813256,
      "y": 73.3533882689944
     },
     {
      "cooldown": 0,
      "docking": {
       "planet_id": 8,
       "status": "docked"
      },
      "health": 255,
      "id": 5,
      "owner": 1,
      "vel_x": 0.0,
      "vel_y": 0.0,
      "x": 202.543677091336,
      "y": 75.5078681316817
     },
     {
      "cooldown": 0,
      "docking": {
       "status": "undocked"
      },
      "health": 255,
      "id": 6,
      "owner": 1,
      "vel_x": 0.0,
      "vel_y": 0.0,
      "x": 192.219117298399,
      "y": 62.7075224508277
     }
    ],
    "Time": 0,
    "Turn": 16
   },
   {
    "Commands": [
     {
      "angle": 219,
      "magnitude": 7,
      "owner": 1,
      "queue_number": 0,
      "shipId": 6,
      "type": "thrust"
     }
    ],
    "Planets": [
     {
      "current_production": 66,
      "docked_ships": [
       4,
       5,
       3
      ],
      "health": 1733,
      "id": 8,
      "owner": 1,
      "remaining_production": 979
     }
    ],
    "Ships": [
     {
      "cooldown": 0,
      "docking": {
       "planet_id": 8,
       "status": "docked"
      },
      "health": 255,
      "id": 3,
      "owner": 1,
      "vel_x": 0.0,
      "vel_y": 0.0,
      "x": 202.27957045259,
      "y": 74.4252871053588
     },
     {
      "cooldown": 0,
      "docking": {
       "planet_id": 8,
       "status": "docked"
      },
      "health": 255,
      "id": 4,
      "owner": 1,
      "vel_x": 0.0,
      "vel_y": 0.0,
      "x": 201.680962813256,
      "y": 73.3533882689944
     },
     {
      "cooldown": 0,
      "docking": {
       "planet_id": 8,
       "status": "docked"
      },
      "health": 255,
      "id": 5,
      "owner": 1,
      "vel_x": 0.0,
      "vel_y": 0.0,
      "x": 202.543677091336,
      "y": 75.5078681316817
     },
     {
      "cooldown": 0,
      "docking": {
       "status": "undocked"
      },
      "health": 255,
      "id": 6,
      "owner": 1,
      "vel_x": 0.0,
      "vel_y": 0.0,
      "x": 186.7790955682,
      "y": 58.3022797134788
     }
    ],
    "Time": 0,
    "Turn": 17
   },
   {
    "Commands": [
     {
      "angle": 220,
      "magnitude": 7,
      "owner": 1,
      "queue_number": 0,
      "shipId": 6,
      "type": "thrust"
     }
    ],
    "Planets": [
     {
      "current_production": 12,
      "docked_ships": [
       4,
       5,
       3
      ],
      "health": 1733,
      "id": 8,
      "owner": 1,
      "remaining_production": 979
     }
    ],
    "Ships": [
     {
      "cooldown": 0,
      "docking": {
       "planet_id": 8,
       "status": "docked"
      },
      "health": 255,
      "id": 3,
      "owner": 1,
      "vel_x": 0.0,
      "vel_y": 0.0,
      "x": 202.27957045259,
      "y": 74.4252871053588
     },
     {
      "cooldown": 0,
      "docking": {
       "planet_id": 8,
       "status": "docked"
      },
      "health": 255,
      "id": 4,
      "owner": 1,
      "vel_x": 0.0,
      "vel_y": 0.0,
      "x": 201.680962813256,
      "y": 73.3533882689944
     },
     {
      "cooldown": 0,
      "docking": {
       "planet_id": 8,
       "status": "docked"
      },
      "health": 255,
      "id": 5,
      "owner": 1,
      "vel_x": 0.0,
      "vel_y": 0.0,
      "x": 202.543677091336,
      "y": 75.5078681316817
     },
     {
      "cooldown": 0,
      "docking": {
       "status": "undocked"
      },
      "health": 255,
      "id": 6,
      "owner": 1,
      "vel_x": 0.0,
      "vel_y": 0.0,
      "x": 181.416784466368,
      "y": 53.802766445673
     },
     {
      "cooldown": 0,
      "docking": {
       "status": "undocked"
      },
      "health": 255,
      "id": 7,
      "owner": 1,
      "vel_x": 0.0,
      "vel_y": 0.0,
      "x": 203.021450130431,
      "y": 71.6122784559823
     }
    ],
    "Time": 0,
    "Turn": 18
   },
   {
    "Commands": [
     {
      "angle": 219,
      "magnitude": 7,
      "owner": 1,
      "queue_number": 0,
      "shipId": 6,
      "type": "thrust"
     },
     {
      "angle": 222,
      "magnitude": 7,
      "owner": 1,
      "queue_number": 0,
      "shipId": 7,
      "type": "thrust"
     }
    ],
    "Planets": [
     {
      "current_production": 30,
      "docked_ships": [
       4,
       5,
       3
      ],
      "health": 1733,
      "id": 8,
      "owner": 1,
      "remaining_production": 979
     }
    ],
    "Ships": [
     {
      "cooldown": 0,
      "docking": {
       "planet_id": 8,
       "status": "docked"
      },
      "health": 255,
      "id": 3,
      "owner": 1,
      "vel_x": 0.0,
      "vel_y": 0.0,
      "x": 202.27957045259,
      "y": 74.4252871053588
     },
     {
      "cooldown": 0,
      "docking": {
       "planet_id": 8,
       "status": "docked"
      },
      "health": 255,
      "id": 4,
      "owner": 1,
      "vel_x": 0.0,
      "vel_y": 0.0,
      "x": 201.680962813256,
      "y": 73.3533882689944
     },
     {
      "cooldown": 0,
      "docking": {
       "planet_id": 8,
       "status": "docked"
      },
      "health": 255,
      "id": 5,
      "owner": 1,
      "vel_x": 0.0,
      "vel_y": 0.0,
      "x": 202.543677091336,
      "y": 75.5078681316817
     },
     {
      "cooldown": 0,
      "docking": {
       "status": "undocked"
      },
      "health": 255,
      "id": 6,
      "owner": 1,
      "vel_x": 0.0,
      "vel_y": 0.0,
      "x": 175.976762736169,
      "y": 49.3975237083242
     },
     {
      "cooldown": 0,
      "docking": {
       "status": "undocked"
      },
      "health": 255,
      "id": 7,
      "owner": 1,
      "vel_x": 1.77635683940025e-15,
      "vel_y": -1.77635683940025e-15,
      "x": 197.819436352089,
      "y": 66.9283642114703
     }
    ],
    "Time": 0,
    "Turn": 19
   },
   {
    "Commands": [
     {
      "angle": 220,
      "magnitude": 7,
      "owner": 1,
      "queue_number": 0,
      "shipId": 6,
      "type": "thrust"
     },
     {
      "angle": 221,
      "magnitude": 7,
      "owner": 1,
      "queue_number": 0,
      "shipId": 7,
      "type": "thrust"
     }
    ],
    "Planets": [
     {
      "current_production": 48,
      "docked_ships": [
       4,
       5,
       3
      ],
      "health": 1733,
      "id": 8,
      "owner": 1,
      "remaining_production": 979
     }
    ],
    "Ships": [
     {
      "cooldown": 0,
      "docking": {
       "planet_id": 8,
       "status": "docked"
      },
      "health": 255,
      "id": 3,
      "owner": 1,
      "vel_x": 0.0,
      "vel_y": 0.0,
      "x": 202.27957045259,
      "y": 74.4252871053588
     },
     {
      "cooldown": 0,
      "docking": {
       "planet_id": 8,
       "status": "docked"
      },
      "health": 255,
      "id": 4,
      "owner": 1,
      "vel_x": 0.0,
      "vel_y": 0.0,
      "x": 201.680962813256,
      "y": 73.3533882689944
     },
     {
      "cooldown": 0,
      "docking": {
       "planet_id": 8,
       "status": "docked"
      },
      "health": 255,
      "id": 5,
      "owner": 1,
      "vel_x": 0.0,
      "vel_y": 0.0,
      "x": 202.543677091336,
      "y": 75.5078681316817
     },
     {
      "cooldown": 0,
      "docking": {
       "status": "undocked"
      },
      "health": 255,
      "id": 6,
      "owner": 1,
      "vel_x": 0.0,
      "vel_y": 0.0,
      "x": 170.614451634336,
      "y": 44.8980104405184
     },
     {
      "cooldown": 0,
      "docking": {
       "status": "undocked"
      },
      "health": 255,
      "id": 7,
      "owner": 1,
      "vel_x": 0.0,
      "vel_y": 0.0,
      "x": 192.53646929053,
      "y": 62.3359510085367
     }
    ],
    "Time": 0,
    "Turn": 20
   },
   {
    "Commands": [
     {
      "angle": 219,
      "magnitude": 4,
      "owner": 1,
      "queue_number": 0,
      "shipId": 6,
      "type": "thrust"
     },
     {
      "angle": 221,
      "magnitude": 7,
      "owner": 1,
      "queue_number": 0,
      "shipId": 7,
      "type": "thrust"
     }
    ],
    "Planets": [
     {
      "current_production": 66,
      "docked_ships": [
       4,
       5,
       3
      ],
      "health": 1733,
      "id": 8,
      "owner": 1,
      "remaining_production": 979
     }
    ],
    "Ships": [
     {
      "cooldown": 0,
      "docking": {
       "planet_id": 8,
       "status": "docked"
      },
      "health": 255,
      "id": 3,
      "owner": 1,
      "vel_x": 0.0,
      "vel_y": 0.0,
      "x": 202.27957045259,
      "y": 74.4252871053588
     },
     {
      "cooldown": 0,
      "docking": {
       "planet_id": 8,
       "status": "docked"
      },
      "health": 255,
      "id": 4,
      "owner": 1,
      "vel_x": 0.0,
      "vel_y": 0.0,
      "x": 201.680962813256,
      "y": 73.3533882689944
     },
     {
      "cooldown": 0,
      "docking": {
       "planet_id": 8,
       "status": "docked"
      },
      "health": 255,
      "id": 5,
      "owner": 1,
      "vel_x": 0.0,
      "vel_y": 0.0,
      "x": 202.543677091336,
      "y": 75.5078681316817
     },
     {
      "cooldown": 0,
      "docking": {
       "status": "undocked"
      },
      "health": 255,
      "id": 6,
      "owner": 1,
      "vel_x": 0.0,
      "vel_y": 0.0,
      "x": 167.505867788508,
      "y": 42.380728876319
     },
     {
      "cooldown": 0,
      "docking": {
       "status": "undocked"
      },
      "health": 255,
      "id": 7,
      "owner": 1,
      "vel_x": 0.0,
      "vel_y": 0.0,
      "x": 187.25350222897,
      "y": 57.7435378056032
     }
    ],
    "Time": 0,
    "Turn": 21
   }
  ],
  "PlayerID": 1,
  "PlayerName": "ServerBot"
 }
]
