[
 {
  "Error": {
   "Message": "ERRORED! Response received (if any): ",
   "Turn": 25
  },
  "Frames": [
   {
    "Time": 214,
    "Turn": 0
   },
   {
    "Commands": [
     {
      "angle": 65446,
      "magnitude": 7,
      "owner": 0,
      "queue_number": 0,
      "shipId": 0,
      "type": "thrust"
     },
     {
      "angle": 0,
      "magnitude": 7,
      "owner": 0,
      "queue_number": 0,
      "shipId": 1,
      "type": "thrust"
     },
     {
      "angle": 90,
      "magnitude": 7,
      "owner": 0,
      "queue_number": 0,
      "shipId": 2,
      "type": "thrust"
     }
    ],
    "Planets": null,
    "Ships": [
     {
      "cooldown": 0,
      "docking": {
       "status": "undocked"
      },
      "health": 255,
      "id": 0,
      "owner": 0,
      "vel_x": 0.0,
      "vel_y": 0.0,
      "x": 121.929461490719,
      "y": 33.2711681284319
     },
     {
      "cooldown": 0,
      "docking": {
       "status": "undocked"
      },
      "health": 255,
      "id": 1,
      "owner": 0,
      "vel_x": 0.0,
      "vel_y": 0.0,
      "x": 127.0,
      "y": 37.0
     },
     {
      "cooldown": 0,
      "docking": {
       "status": "undocked"
      },
      "health": 255,
      "id": 2,
      "owner": 0,
      "vel_x": 0.0,
      "vel_y": 0.0,
      "x": 120.0,
      "y": 50.0
     }
    ],
    "Time": 4,
    "Turn": 1
   },
   {
    "Commands": [
     {
      "angle": 14,
      "magnitude": 7,
      "owner": 0,
      "queue_number": 0,
      "shipId": 0,
      "type": "thrust"
     },
     {
      "angle": 3,
      "magnitude": 4,
      "owner": 0,
      "queue_number": 0,
      "shipId": 1,
      "type": "thrust"
     },
     {
      "angle": 119,
      "magnitude": 7,
      "owner": 0,
      "queue_number": 0,
      "shipId": 2,
      "type": "thrust"
     }
    ],
    "Planets": null,
    "Ships": [
     {
      "cooldown": 0,
      "docking": {
       "status": "undocked"
      },
      "health": 255,
      "id": 0,
      "owner": 0,
      "vel_x": 0.0,
      "vel_y": 0.0,
      "x": 128.721531574651,
      "y": 34.9646213976295
     },
     {
      "cooldown": 0,
      "docking": {
       "status": "undocked"
      },
      "health": 255,
      "id": 1,
      "owner": 0,
      "vel_x": 0.0,
      "vel_y": 0.0,
      "x": 130.994518139018,
      "y": 37.2093438249718
     },
     {
      "cooldown": 0,
      "docking": {
       "status": "undocked"
      },
      "health": 255,
      "id": 2,
      "owner": 0,
      "vel_x": 0.0,
      "vel_y": 0.0,
      "x": 116.606332658276,
      "y": 56.1223379499758
     }
    ],
    "Time": 2,
    "Turn": 2
   },
   {
    "Commands": [
     {
      "angle": 14,
      "magnitude": 3,
      "owner": 0,
      "queue_number": 0,
      "shipId": 0,
      "type": "thrust"
     },
     {
      "owner": 0,
      "planet_id": 10,
      "queue_number": 0,
      "shipId": 1,
      "type": "dock"
     },
     {
      "angle": 120,
      "magnitude": 4,
      "owner": 0,
      "queue_number": 0,
      "shipId": 2,
      "type": "thrust"
     }
    ],
    "Planets": [
     {
      "current_production": 0,
      "docked_ships": [
       1
      ],
      "health": 1329,
      "id": 10,
      "owner": 0,
      "remaining_production": 750
     }
    ],
    "Ships": [
     {
      "cooldown": 0,
      "docking": {
       "status": "undocked"
      },
      "health": 255,
      "id": 0,
      "owner": 0,
      "vel_x": 0.0,
      "vel_y": 0.0,
      "x": 131.632418753479,
      "y": 35.6903870844285
     },
     {
      "cooldown": 0,
      "docking": {
       "planet_id": 10,
       "status": "docking",
       "turns_left": 5
      },
      "health": 255,
      "id": 1,
      "owner": 0,
      "vel_x": 0.0,
      "vel_y": 0.0,
      "x": 130.994518139018,
      "y": 37.2093438249718
     },
     {
      "cooldown": 0,
      "docking": {
       "status": "undocked"
      },
      "health": 255,
      "id": 2,
      "owner": 0,
      "vel_x": 0.0,
      "vel_y": 0.0,
      "x": 114.606332658276,
      "y": 59.5864395651135
     }
    ],
    "Time": 3,
    "Turn": 3
   },
   {
    "Commands": [
     {
      "owner": 0,
      "planet_id": 10,
      "queue_number": 0,
      "shipId": 0,
      "type": "dock"
     },
     {
      "owner": 0,
      "planet_id": 2,
      "queue_number": 0,
      "shipId": 2,
      "type": "dock"
     }
    ],
    "Planets": [
     {
      "current_production": 0,
      "docked_ships": [
       2
      ],
      "health": 1823,
      "id": 2,
      "owner": 0,
      "remaining_production": 1029
     },
     {
      "current_production": 0,
      "docked_ships": [
       1,
       0
      ],
      "health": 1329,
      "id": 10,
      "owner": 0,
      "remaining_production": 750
     }
    ],
    "Ships": [
     {
      "cooldown": 0,
      "docking": {
       "planet_id": 10,
       "status": "docking",
       "turns_left": 5
      },
      "health": 255,
      "id": 0,
      "owner": 0,
      "vel_x": 0.0,
      "vel_y": 0.0,
      "x": 131.632418753479,
      "y": 35.6903870844285
     },
     {
      "cooldown": 0,
      "docking": {
       "planet_id": 10,
       "status": "docking",
       "turns_left": 4
      },
      "health": 255,
      "id": 1,
      "owner": 0,
      "vel_x": 0.0,
      "vel_y": 0.0,
      "x": 130.994518139018,
      "y": 37.2093438249718
     },
     {
      "cooldown": 0,
      "docking": {
       "planet_id": 2,
       "status": "docking",
       "turns_left": 5
      },
      "health": 255,
      "id": 2,
      "owner": 0,
      "vel_x": 0.0,
      "vel_y": 0.0,
      "x": 114.606332658276,
      "y": 59.5864395651135
     }
    ],
    "Time": 0,
    "Turn": 4
   },
   {
    "Commands": null,
    "Planets": [
     {
      "current_production": 0,
      "docked_ships": [
       2
      ],
      "health": 1823,
      "id": 2,
      "owner": 0,
      "remaining_production": 1029
     },
     {
      "current_production": 0,
      "docked_ships": [
       1,
       0
      ],
      "health": 1329,
      "id": 10,
      "owner": 0,
      "remaining_production": 750
     }
    ],
    "Ships": [
     {
      "cooldown": 0,
      "docking": {
       "planet_id": 10,
       "status": "docking",
       "turns_left": 4
      },
      "health": 255,
      "id": 0,
      "owner": 0,
      "vel_x": 0.0,
      "vel_y": 0.0,
      "x": 131.632418753479,
      "y": 35.6903870844285
     },
     {
      "cooldown": 0,
      "docking": {
       "planet_id": 10,
       "status": "docking",
       "turns_left": 3
      },
      "health": 255,
      "id": 1,
      "owner": 0,
      "vel_x": 0.0,
      "vel_y": 0.0,
      "x": 130.994518139018,
      "y": 37.2093438249718
     },
     {
      "cooldown": 0,
      "docking": {
       "planet_id": 2,
       "status": "docking",
       "turns_left": 4
      },
      "health": 255,
      "id": 2,
      "owner": 0,
      "vel_x": 0.0,
      "vel_y": 0.0,
      "x": 114.606332658276,
      "y": 59.5864395651135
     }
    ],
    "Time": 0,
    "Turn": 5
   },
   {
    "Commands": null,
    "Planets": [
     {
      "current_production": 0,
      "docked_ships": [
       2
      ],
      "health": 1823,
      "id": 2,
      "owner": 0,
      "remaining_production": 1029
     },
     {
      "current_production": 0,
      "docked_ships": [
       1,
       0
      ],
      "health": 1329,
      "id": 10,
      "owner": 0,
      "remaining_production": 750
     }
    ],
    "Ships": [
     {
      "cooldown": 0,
      "docking": {
       "planet_id": 10,
       "status": "docking",
       "turns_left": 3
      },
      "health": 255,
      "id": 0,
      "owner": 0,
      "vel_x": 0.0,
      "vel_y": 0.0,
      "x": 131.632418753479,
      "y": 35.6903870844285
     },
     {
      "cooldown": 0,
      "docking": {
       "planet_id": 10,
       "status": "docking",
       "turns_left": 2
      },
      "health": 255,
      "id": 1,
      "owner": 0,
      "vel_x": 0.0,
      "vel_y": 0.0,
      "x": 130.994518139018,
      "y": 37.2093438249718
     },
     {
      "cooldown": 0,
      "docking": {
       "planet_id": 2,
       "status": "docking",
       "turns_left": 3
      },
      "health": 255,
      "id": 2,
      "owner": 0,
      "vel_x": 0.0,
      "vel_y": 0.0,
      "x": 114.606332658276,
      "y": 59.5864395651135
     }
    ],
    "Time": 0,
    "Turn": 6
   },
   {
    "Commands": null,
    "Planets": [
     {
      "current_production": 0,
      "docked_ships": [
       2
      ],
      "health": 1823,
      "id": 2,
      "owner": 0,
      "remaining_production": 1029
     },
     {
      "current_production": 0,
      "docked_ships": [
       1,
       0
      ],
      "health": 1329,
      "id": 10,
      "owner": 0,
      "remaining_production": 750
     }
    ],
    "Ships": [
     {
      "cooldown": 0,
      "docking": {
       "planet_id": 10,
       "status": "docking",
       "turns_left": 2
      },
      "health": 255,
      "id": 0,
      "owner": 0,
      "vel_x": 0.0,
      "vel_y": 0.0,
      "x": 131.632418753479,
      "y": 35.6903870844285
     },
     {
      "cooldown": 0,
      "docking": {
       "planet_id": 10,
       "status": "docking",
       "turns_left": 1
      },
      "health": 255,
      "id": 1,
      "owner": 0,
      "vel_x": 0.0,
      "vel_y": 0.0,
      "x": 130.994518139018,
      "y": 37.2093438249718
     },
     {
      "cooldown": 0,
      "docking": {
       "planet_id": 2,
       "status": "docking",
       "turns_left": 2
      },
      "health": 255,
      "id": 2,
      "owner": 0,
      "vel_x": 0.0,
      "vel_y": 0.0,
      "x": 114.606332658276,
      "y": 59.5864395651135
     }
    ],
    "Time": 1,
    "Turn": 7
   },
   {
    "Commands": null,
    "Planets": [
     {
      "current_production": 0,
      "docked_ships": [
       2
      ],
      "health": 1823,
      "id": 2,
      "owner": 0,
      "remaining_production": 1029
     },
     {
      "current_production": 6,
      "docked_ships": [
       1,
       0
      ],
      "health": 1329,
      "id": 10,
      "owner": 0,
      "remaining_production": 750
     }
    ],
    "Ships": [
     {
      "cooldown": 0,
      "docking": {
       "planet_id": 10,
       "status": "docking",
       "turns_left": 1
      },
      "health": 255,
      "id": 0,
      "owner": 0,
      "vel_x": 0.0,
      "vel_y": 0.0,
      "x": 131.632418753479,
      "y": 35.6903870844285
     },
     {
      "cooldown": 0,
      "docking": {
       "planet_id": 10,
       "status": "docked"
      },
      "health": 255,
      "id": 1,
      "owner": 0,
      "vel_x": 0.0,
      "vel_y": 0.0,
      "x": 130.994518139018,
      "y": 37.2093438249718
     },
     {
      "cooldown": 0,
      "docking": {
       "planet_id": 2,
       "status": "docking",
       "turns_left": 1
      },
      "health": 255,
      "id": 2,
      "owner": 0,
      "vel_x": 0.0,
      "vel_y": 0.0,
      "x": 114.606332658276,
      "y": 59.5864395651135
     }
    ],
    "Time": 0,
    "Turn": 8
   },
   {
    "Commands": null,
    "Planets": [
     {
      "current_production": 6,
      "docked_ships": [
       2
      ],
      "health": 1823,
      "id": 2,
      "owner": 0,
      "remaining_production": 1029
     },
     {
      "current_production": 18,
      "docked_ships": [
       1,
       0
      ],
      "health": 1329,
      "id": 10,
      "owner": 0,
      "remaining_production": 750
     }
    ],
    "Ships": [
     {
      "cooldown": 0,
      "docking": {
       "planet_id": 10,
       "status": "docked"
      },
      "health": 255,
      "id": 0,
      "owner": 0,
      "vel_x": 0.0,
      "vel_y": 0.0,
      "x": 131.632418753479,
      "y": 35.6903870844285
     },
     {
      "cooldown": 0,
      "docking": {
       "planet_id": 10,
       "status": "docked"
      },
      "health": 255,
      "id": 1,
      "owner": 0,
      "vel_x": 0.0,
      "vel_y": 0.0,
      "x": 130.994518139018,
      "y": 37.2093438249718
     },
     {
      "cooldown": 0,
      "docking": {
       "planet_id": 2,
       "status": "docked"
      },
      "health": 255,
      "id": 2,
      "owner": 0,
      "vel_x": 0.0,
      "vel_y": 0.0,
      "x": 114.606332658276,
      "y": 59.5864395651135
     }
    ],
    "Time": 0,
    "Turn": 9
   },
   {
    "Commands": null,
    "Planets": [
     {
      "current_production": 12,
      "docked_ships": [
       2
      ],
      "health": 1823,
      "id": 2,
      "owner": 0,
      "remaining_production": 1029
     },
     {
      "current_production": 30,
      "docked_ships": [
       1,
       0
      ],
      "health": 1329,
      "id": 10,
      "owner": 0,
      "remaining_production": 750
     }
    ],
    "Ships": [
     {
      "cooldown": 0,
      "docking": {
       "planet_id": 10,
       "status": "docked"
      },
      "health": 255,
      "id": 0,
      "owner": 0,
      "vel_x": 0.0,
      "vel_y": 0.0,
      "x": 131.632418753479,
      "y": 35.6903870844285
     },
     {
      "cooldown": 0,
      "docking": {
       "planet_id": 10,
       "status": "docked"
      },
      "health": 255,
      "id": 1,
      "owner": 0,
      "vel_x": 0.0,
      "vel_y": 0.0,
      "x": 130.994518139018,
      "y": 37.2093438249718
     },
     {
      "cooldown": 0,
      "docking": {
       "planet_id": 2,
       "status": "docked"
      },
      "health": 255,
      "id": 2,
      "owner": 0,
      "vel_x": 0.0,
      "vel_y": 0.0,
      "x": 114.606332658276,
      "y": 59.5864395651135
     }
    ],
    "Time": 0,
    "Turn": 10
   },
   {
    "Commands": null,
    "Planets": [
     {
      "current_production": 18,
      "docked_ships": [
       2
      ],
      "health": 1823,
      "id": 2,
      "owner": 0,
      "remaining_production": 1029
     },
     {
      "current_production": 42,
      "docked_ships": [
       1,
       0
      ],
      "health": 1329,
      "id": 10,
      "owner": 0,
      "remaining_production": 750
     }
    ],
    "Ships": [
     {
      "cooldown": 0,
      "docking": {
       "planet_id": 10,
       "status": "docked"
      },
      "health": 255,
      "id": 0,
      "owner": 0,
      "vel_x": 0.0,
      "vel_y": 0.0,
      "x": 131.632418753479,
      "y": 35.6903870844285
     },
     {
      "cooldown": 0,
      "docking": {
       "planet_id": 10,
       "status": "docked"
      },
      "health": 255,
      "id": 1,
      "owner": 0,
      "vel_x": 0.0,
      "vel_y": 0.0,
      "x": 130.994518139018,
      "y": 37.2093438249718
     },
     {
      "cooldown": 0,
      "docking": {
       "planet_id": 2,
       "status": "docked"
      },
      "health": 255,
      "id": 2,
      "owner": 0,
      "vel_x": 0.0,
      "vel_y": 0.0,
      "x": 114.606332658276,
      "y": 59.5864395651135
     }
    ],
    "Time": 0,
    "Turn": 11
   },
   {
    "Commands": null,
    "Planets": [
     {
      "current_production": 24,
      "docked_ships": [
       2
      ],
      "health": 1823,
      "id": 2,
      "owner": 0,
      "remaining_production": 1029
     },
     {
      "current_production": 54,
      "docked_ships": [
       1,
       0
      ],
      "health": 1329,
      "id": 10,
      "owner": 0,
      "remaining_production": 750
     }
    ],
    "Ships": [
     {
      "cooldown": 0,
      "docking": {
       "planet_id": 10,
       "status": "docked"
      },
      "health": 255,
      "id": 0,
      "owner": 0,
      "vel_x": 0.0,
      "vel_y": 0.0,
      "x": 131.632418753479,
      "y": 35.6903870844285
     },
     {
      "cooldown": 0,
      "docking": {
       "planet_id": 10,
       "status": "docked"
      },
      "health": 255,
      "id": 1,
      "owner": 0,
      "vel_x": 0.0,
      "vel_y": 0.0,
      "x": 130.994518139018,
      "y": 37.2093438249718
     },
     {
      "cooldown": 0,
      "docking": {
       "planet_id": 2,
       "status": "docked"
      },
      "health": 255,
      "id": 2,
      "owner": 0,
      "vel_x": 0.0,
      "vel_y": 0.0,
      "x": 114.606332658276,
      "y": 59.5864395651135
     }
    ],
    "Time": 0,
    "Turn": 12
   },
   {
    "Commands": null,
    "Planets": [
     {
      "current_production": 30,
      "docked_ships": [
       2
      ],
      "health": 1823,
      "id": 2,
      "owner": 0,
      "remaining_production": 1029
     },
     {
      "current_production": 66,
      "docked_ships": [
       1,
       0
      ],
      "health": 1329,
      "id": 10,
      "owner": 0,
      "remaining_production": 750
     }
    ],
    "Ships": [
     {
      "cooldown": 0,
      "docking": {
       "planet_id": 10,
       "status": "docked"
      },
      "health": 255,
      "id": 0,
      "owner": 0,
      "vel_x": 0.0,
      "vel_y": 0.0,
      "x": 131.632418753479,
      "y": 35.6903870844285
     },
     {
      "cooldown": 0,
      "docking": {
       "planet_id": 10,
       "status": "docked"
      },
      "health": 255,
      "id": 1,
      "owner": 0,
      "vel_x": 0.0,
      "vel_y": 0.0,
      "x": 130.994518139018,
      "y": 37.2093438249718
     },
     {
      "cooldown": 0,
      "docking": {
       "planet_id": 2,
       "status": "docked"
      },
      "health": 255,
      "id": 2,
      "owner": 0,
      "vel_x": 0.0,
      "vel_y": 0.0,
      "x": 114.606332658276,
      "y": 59.5864395651135
     }
    ],
    "Time": 0,
    "Turn": 13
   },
   {
    "Commands": null,
    "Planets": [
     {
      "current_production": 36,
      "docked_ships": [
       2
      ],
      "health": 1823,
      "id": 2,
      "owner": 0,
      "remaining_production": 1029
     },
     {
      "current_production": 6,
      "docked_ships": [
       1,
       0
      ],
      "health": 1329,
      "id": 10,
      "owner": 0,
      "remaining_production": 750
     }
    ],
    "Ships": [
     {
      "cooldown": 0,
      "docking": {
       "planet_id": 10,
       "status": "docked"
      },
      "health": 255,
      "id": 0,
      "owner": 0,
      "vel_x": 0.0,
      "vel_y": 0.0,
      "x": 131.632418753479,
      "y": 35.6903870844285
     },
     {
      "cooldown": 0,
      "docking": {
       "planet_id": 10,
       "status": "docked"
      },
      "health": 255,
      "id": 1,
      "owner": 0,
      "vel_x": 0.0,
      "vel_y": 0.0,
      "x": 130.994518139018,
      "y": 37.2093438249718
     },
     {
      "cooldown": 0,
      "docking": {
       "planet_id": 2,
       "status": "docked"
      },
      "health": 255,
      "id": 2,
      "owner": 0,
      "vel_x": 0.0,
      "vel_y": 0.0,
      "x": 114.606332658276,
      "y": 59.5864395651135
     },
     {
      "cooldown": 0,
      "docking": {
       "status": "undocked"
      },
      "health": 255,
      "id": 7,
      "owner": 0,
      "vel_x": 0.0,
      "vel_y": 0.0,
      "x": 134.386537915925,
      "y": 43.3958530313374
     }
    ],
    "Time": 0,
    "Turn": 14
   },
   {
    "Commands": [
     {
      "angle": 98,
      "magnitude": 7,
      "owner": 0,
      "queue_number": 0,
      "shipId": 7,
      "type": "thrust"
     }
    ],
    "Planets": [
     {
      "current_production": 42,
      "docked_ships": [
       2
      ],
      "health": 1823,
      "id": 2,
      "owner": 0,
      "remaining_production": 1029
     },
     {
      "current_production": 18,
      "docked_ships": [
       1,
       0
      ],
      "health": 1329,
      "id": 10,
      "owner": 0,
      "remaining_production": 750
     }
    ],
    "Ships": [
     {
      "cooldown": 0,
      "docking": {
       "planet_id": 10,
       "status": "docked"
      },
      "health": 255,
      "id": 0,
      "owner": 0,
      "vel_x": 0.0,
      "vel_y": 0.0,
      "x": 131.632418753479,
      "y": 35.6903870844285
     },
     {
      "cooldown": 0,
      "docking": {
       "planet_id": 10,
       "status": "docked"
      },
      "health": 255,
      "id": 1,
      "owner": 0,
      "vel_x": 0.0,
      "vel_y": 0.0,
      "x": 130.994518139018,
      "y": 37.2093438249718
     },
     {
      "cooldown": 0,
      "docking": {
       "planet_id": 2,
       "status": "docked"
      },
      "health": 255,
      "id": 2,
      "owner": 0,
      "vel_x": 0.0,
      "vel_y": 0.0,
      "x": 114.606332658276,
      "y": 59.5864395651135
     },
     {
      "cooldown": 0,
      "docking": {
       "status": "undocked"
      },
      "health": 255,
      "id": 7,
      "owner": 0,
      "vel_x": 8.88178419700125e-16,
      "vel_y": 0.0,
      "x": 133.412326209205,
      "y": 50.3277295125284
     }
    ],
    "Time": 0,
    "Turn": 15
   },
   {
    "Commands": [
     {
      "angle": 98,
      "magnitude": 7,
      "owner": 0,
      "queue_number": 0,
      "shipId": 7,
      "type": "thrust"
     }
    ],
    "Planets": [
     {
      "current_production": 48,
      "docked_ships": [
       2
      ],
      "health": 1823,
      "id": 2,
      "owner": 0,
      "remaining_production": 1029
     },
     {
      "current_production": 30,
      "docked_ships": [
       1,
       0
      ],
      "health": 1329,
      "id": 10,
      "owner": 0,
      "remaining_production": 750
     }
    ],
    "Ships": [
     {
      "cooldown": 0,
      "docking": {
       "planet_id": 10,
       "status": "docked"
      },
      "health": 255,
      "id": 0,
      "owner": 0,
      "vel_x": 0.0,
      "vel_y": 0.0,
      "x": 131.632418753479,
      "y": 35.6903870844285
     },
     {
      "cooldown": 0,
      "docking": {
       "planet_id": 10,
       "status": "docked"
      },
      "health": 255,
      "id": 1,
      "owner": 0,
      "vel_x": 0.0,
      "vel_y": 0.0,
      "x": 130.994518139018,
      "y": 37.2093438249718
     },
     {
      "cooldown": 0,
      "docking": {
       "planet_id": 2,
       "status": "docked"
      },
      "health": 255,
      "id": 2,
      "owner": 0,
      "vel_x": 0.0,
      "vel_y": 0.0,
      "x": 114.606332658276,
      "y": 59.5864395651135
     },
     {
      "cooldown": 0,
      "docking": {
       "status": "undocked"
      },
      "health": 255,
      "id": 7,
      "owner": 0,
      "vel_x": 1.77635683940025e-15,
      "vel_y": 0.0,
      "x": 132.438114502484,
      "y": 57.2596059937194
     }
    ],
    "Time": 0,
    "Turn": 16
   },
   {
    "Commands": [
     {
      "angle": 98,
      "magnitude": 1,
      "owner": 0,
      "queue_number": 0,
      "shipId": 7,
      "type": "thrust"
     }
    ],
    "Planets": [
     {
      "current_production": 54,
      "docked_ships": [
       2
      ],
      "health": 1823,
      "id": 2,
      "owner": 0,
      "remaining_production": 1029
     },
     {
      "current_production": 42,
      "docked_ships": [
       1,
       0
      ],
      "health": 1329,
      "id": 10,
      "owner": 0,
      "remaining_production": 750
     }
    ],
    "Ships": [
     {
      "cooldown": 0,
      "docking": {
       "planet_id": 10,
       "status": "docked"
      },
      "health": 255,
      "id": 0,
      "owner": 0,
      "vel_x": 0.0,
      "vel_y": 0.0,
      "x": 131.632418753479,
      "y": 35.6903870844285
     },
     {
      "cooldown": 0,
      "docking": {
       "planet_id": 10,
       "status": "docked"
      },
      "health": 255,
      "id": 1,
      "owner": 0,
      "vel_x": 0.0,
      "vel_y": 0.0,
      "x": 130.994518139018,
      "y": 37.2093438249718
     },
     {
      "cooldown": 0,
      "docking": {
       "planet_id": 2,
       "status": "docked"
      },
      "health": 255,
      "id": 2,
      "owner": 0,
      "vel_x": 0.0,
      "vel_y": 0.0,
      "x": 114.606332658276,
      "y": 59.5864395651135
     },
     {
      "cooldown": 0,
      "docking": {
       "status": "undocked"
      },
      "health": 255,
      "id": 7,
      "owner": 0,
      "vel_x": 0.0,
      "vel_y": 0.0,
      "x": 132.298941401524,
      "y": 58.249874062461
     }
    ],
    "Time": 0,
    "Turn": 17
   },
   {
    "Commands": [
     {
      "owner": 0,
      "planet_id": 3,
      "queue_number": 0,
      "shipId": 7,
      "type": "dock"
     }
    ],
    "Planets": [
     {
      "current_production": 60,
      "docked_ships": [
       2
      ],
      "health": 1823,
      "id": 2,
      "owner": 0,
      "remaining_production": 1029
     },
     {
      "current_production": 0,
      "docked_ships": [
       7
      ],
      "health": 1823,
      "id": 3,
      "owner": 0,
      "remaining_production": 1029
     },
     {
      "current_production": 54,
      "docked_ships": [
       1,
       0
      ],
      "health": 1329,
      "id": 10,
      "owner": 0,
      "remaining_production": 750
     }
    ],
    "Ships": [
     {
      "cooldown": 0,
      "docking": {
       "planet_id": 10,
       "status": "docked"
      },
      "health": 255,
      "id": 0,
      "owner": 0,
      "vel_x": 0.0,
      "vel_y": 0.0,
      "x": 131.632418753479,
      "y": 35.6903870844285
     },
     {
      "cooldown": 0,
      "docking": {
       "planet_id": 10,
       "status": "docked"
      },
      "health": 255,
      "id": 1,
      "owner": 0,
      "vel_x": 0.0,
      "vel_y": 0.0,
      "x": 130.994518139018,
      "y": 37.2093438249718
     },
     {
      "cooldown": 0,
      "docking": {
       "planet_id": 2,
       "status": "docked"
      },
      "health": 255,
      "id": 2,
      "owner": 0,
      "vel_x": 0.0,
      "vel_y": 0.0,
      "x": 114.606332658276,
      "y": 59.5864395651135
     },
     {
      "cooldown": 0,
      "docking": {
       "planet_id": 3,
       "status": "docking",
       "turns_left": 5
      },
      "health": 255,
      "id": 7,
      "owner": 0,
      "vel_x": 0.0,
      "vel_y": 0.0,
      "x": 132.298941401524,
      "y": 58.249874062461
     }
    ],
    "Time": 0,
    "Turn": 18
   },
   {
    "Commands": null,
    "Planets": [
     {
      "current_production": 66,
      "docked_ships": [
       2
      ],
      "health": 1823,
      "id": 2,
      "owner": 0,
      "remaining_production": 1029
     },
     {
      "current_production": 0,
      "docked_ships": [
       7
      ],
      "health": 1823,
      "id": 3,
      "owner": 0,
      "remaining_production": 1029
     },
     {
      "current_production": 66,
      "docked_ships": [
       1,
       0
      ],
      "health": 1329,
      "id": 10,
      "owner": 0,
      "remaining_production": 750
     }
    ],
    "Ships": [
     {
      "cooldown": 0,
      "docking": {
       "planet_id": 10,
       "status": "docked"
      },
      "health": 255,
      "id": 0,
      "owner": 0,
      "vel_x": 0.0,
      "vel_y": 0.0,
      "x": 131.632418753479,
      "y": 35.6903870844285
     },
     {
      "cooldown": 0,
      "docking": {
       "planet_id": 10,
       "status": "docked"
      },
      "health": 255,
      "id": 1,
      "owner": 0,
      "vel_x": 0.0,
      "vel_y": 0.0,
      "x": 130.994518139018,
      "y": 37.2093438249718
     },
     {
      "cooldown": 0,
      "docking": {
       "planet_id": 2,
       "status": "docked"
      },
      "health": 255,
      "id": 2,
      "owner": 0,
      "vel_x": 0.0,
      "vel_y": 0.0,
      "x": 114.606332658276,
      "y": 59.5864395651135
     },
     {
      "cooldown": 0,
      "docking": {
       "planet_id": 3,
       "status": "docking",
       "turns_left": 4
      },
      "health": 255,
      "id": 7,
      "owner": 0,
      "vel_x": 0.0,
      "vel_y": 0.0,
      "x": 132.298941401524,
      "y": 58.249874062461
     }
    ],
    "Time": 0,
    "Turn": 19
   },
   {
    "Commands": null,
    "Planets": [
     {
      "current_production": 0,
      "docked_ships": [
       2
      ],
      "health": 1823,
      "id": 2,
      "owner": 0,
      "remaining_production": 1029
     },
     {
      "current_production": 0,
      "docked_ships": [
       7
      ],
      "health": 1823,
      "id": 3,
      "owner": 0,
      "remaining_production": 1029
     },
     {
      "current_production": 6,
      "docked_ships": [
       1,
       0
      ],
      "health": 1329,
      "id": 10,
      "owner": 0,
      "remaining_production": 750
     }
    ],
    "Ships": [
     {
      "cooldown": 0,
      "docking": {
       "status": "undocked"
      },
      "health": 255,
      "id": 8,
      "owner": 0,
      "vel_x": 0.0,
      "vel_y": 0.0,
      "x": 116.235804289959,
      "y": 76.2358042899586
     },
     {
      "cooldown": 0,
      "docking": {
       "planet_id": 10,
       "status": "docked"
      },
      "health": 255,
      "id": 0,
      "owner": 0,
      "vel_x": 0.0,
      "vel_y": 0.0,
      "x": 131.632418753479,
      "y": 35.6903870844285
     },
     {
      "cooldown": 0,
      "docking": {
       "planet_id": 10,
       "status": "docked"
      },
      "health": 255,
      "id": 1,
      "owner": 0,
      "vel_x": 0.0,
      "vel_y": 0.0,
      "x": 130.994518139018,
      "y": 37.2093438249718
     },
     {
      "cooldown": 0,
      "docking": {
       "status": "undocked"
      },
      "health": 255,
      "id": 10,
      "owner": 0,
      "vel_x": 0.0,
      "vel_y": 0.0,
      "x": 134.386537915925,
      "y": 43.3958530313374
     },
     {
      "cooldown": 0,
      "docking": {
       "planet_id": 2,
       "status": "docked"
      },
      "health": 255,
      "id": 2,
      "owner": 0,
      "vel_x": 0.0,
      "vel_y": 0.0,
      "x": 114.606332658276,
      "y": 59.5864395651135
     },
     {
      "cooldown": 0,
      "docking": {
       "planet_id": 3,
       "status": "docking",
       "turns_left": 3
      },
      "health": 255,
      "id": 7,
      "owner": 0,
      "vel_x": 0.0,
      "vel_y": 0.0,
      "x": 132.298941401524,
      "y": 58.249874062461
     }
    ],
    "Time": 0,
    "Turn": 20
   },
   {
    "Commands": [
     {
      "owner": 0,
      "planet_id": 2,
      "queue_number": 0,
      "shipId": 8,
      "type": "dock"
     },
     {
      "angle": 103,
      "magnitude": 7,
      "owner": 0,
      "queue_number": 0,
      "shipId": 10,
      "type": "thrust"
     }
    ],
    "Planets": [
     {
      "current_production": 6,
      "docked_ships": [
       2,
       8
      ],
      "health": 1823,
      "id": 2,
      "owner": 0,
      "remaining_production": 1029
     },
     {
      "current_production": 0,
      "docked_ships": [
       7
      ],
      "health": 1823,
      "id": 3,
      "owner": 0,
      "remaining_production": 1029
     },
     {
      "current_production": 18,
      "docked_ships": [
       1,
       0
      ],
      "health": 1329,
      "id": 10,
      "owner": 0,
      "remaining_production": 750
     }
    ],
    "Ships": [
     {
      "cooldown": 0,
      "docking": {
       "planet_id": 2,
       "status": "docking",
       "turns_left": 5
      },
      "health": 255,
      "id": 8,
      "owner": 0,
      "vel_x": 0.0,
      "vel_y": 0.0,
      "x": 116.235804289959,
      "y": 76.2358042899586
     },
     {
      "cooldown": 0,
      "docking": {
       "planet_id": 10,
       "status": "docked"
      },
      "health": 255,
      "id": 0,
      "owner": 0,
      "vel_x": 0.0,
      "vel_y": 0.0,
      "x": 131.632418753479,
      "y": 35.6903870844285
     },
     {
      "cooldown": 0,
      "docking": {
       "planet_id": 10,
       "status": "docked"
      },
      "health": 255,
      "id": 1,
      "owner": 0,
      "vel_x": 0.0,
      "vel_y": 0.0,
      "x": 130.994518139018,
      "y": 37.2093438249718
     },
     {
      "cooldown": 0,
      "docking": {
       "status": "undocked"
      },
      "health": 255,
      "id": 10,
      "owner": 0,
      "vel_x": 0.0,
      "vel_y": 0.0,
      "x": 132.811880535518,
      "y": 50.2164434848341
     },
     {
      "cooldown": 0,
      "docking": {
       "planet_id": 2,
       "status": "docked"
      },
      "health": 255,
      "id": 2,
      "owner": 0,
      "vel_x": 0.0,
      "vel_y": 0.0,
      "x": 114.606332658276,
      "y": 59.5864395651135
     },
     {
      "cooldown": 0,
      "docking": {
       "planet_id": 3,
       "status": "docking",
       "turns_left": 2
      },
      "health": 255,
      "id": 7,
      "owner": 0,
      "vel_x": 0.0,
      "vel_y": 0.0,
      "x": 132.298941401524,
      "y": 58.249874062461
     }
    ],
    "Time": 0,
    "Turn": 21
   },
   {
    "Commands": [
     {
      "angle": 102,
      "magnitude": 7,
      "owner": 0,
      "queue_number": 0,
      "shipId": 10,
      "type": "thrust"
     }
    ],
    "Planets": [
     {
      "current_production": 12,
      "docked_ships": [
       2,
       8
      ],
      "health": 1823,
      "id": 2,
      "owner": 0,
      "remaining_production": 1029
     },
     {
      "current_production": 0,
      "docked_ships": [
       7
      ],
      "health": 1823,
      "id": 3,
      "owner": 0,
      "remaining_production": 1029
     },
     {
      "current_production": 30,
      "docked_ships": [
       1,
       0
      ],
      "health": 1329,
      "id": 10,
      "owner": 0,
      "remaining_production": 750
     }
    ],
    "Ships": [
     {
      "cooldown": 0,
      "docking": {
       "planet_id": 2,
       "status": "docking",
       "turns_left": 4
      },
      "health": 255,
      "id": 8,
      "owner": 0,
      "vel_x": 0.0,
      "vel_y": 0.0,
      "x": 116.235804289959,
      "y": 76.2358042899586
     },
     {
      "cooldown": 0,
      "docking": {
       "planet_id": 10,
       "status": "docked"
      },
      "health": 255,
      "id": 0,
      "owner": 0,
      "vel_x": 0.0,
      "vel_y": 0.0,
      "x": 131.632418753479,
      "y": 35.6903870844285
     },
     {
      "cooldown": 0,
      "docking": {
       "planet_id": 10,
       "status": "docked"
      },
      "health": 255,
      "id": 1,
      "owner": 0,
      "vel_x": 0.0,
      "vel_y": 0.0,
      "x": 130.994518139018,
      "y": 37.2093438249718
     },
     {
      "cooldown": 0,
      "docking": {
       "status": "undocked"
      },
      "health": 255,
      "id": 10,
      "owner": 0,
      "vel_x": 0.0,
      "vel_y": 0.0,
      "x": 131.356498699794,
      "y": 57.0634766899707
     },
     {
      "cooldown": 0,
      "docking": {
       "planet_id": 2,
       "status": "docked"
      },
      "health": 255,
      "id": 2,
      "owner": 0,
      "vel_x": 0.0,
      "vel_y": 0.0,
      "x": 114.606332658276,
      "y": 59.5864395651135
     },
     {
      "cooldown": 0,
      "docking": {
       "planet_id": 3,
       "status": "docking",
       "turns_left": 1
      },
      "health": 255,
      "id": 7,
      "owner": 0,
      "vel_x": 0.0,
      "vel_y": 0.0,
      "x": 132.298941401524,
      "y": 58.249874062461
     }
    ],
    "Time": 1,
    "Turn": 22
   },
   {
    "Commands": [
     {
      "angle": 99,
      "magnitude": 1,
      "owner": 0,
      "queue_number": 0,
      "shipId": 10,
      "type": "thrust"
     }
    ],
    "Planets": [
     {
      "current_production": 18,
      "docked_ships": [
       2,
       8
      ],
      "health": 1823,
      "id": 2,
      "owner": 0,
      "remaining_production": 1029
     },
     {
      "current_production": 6,
      "docked_ships": [
       7
      ],
      "health": 1823,
      "id": 3,
      "owner": 0,
      "remaining_production": 1029
     },
     {
      "current_production": 42,
      "docked_ships": [
       1,
       0
      ],
      "health": 1329,
      "id": 10,
      "owner": 0,
      "remaining_production": 750
     }
    ],
    "Ships": [
     {
      "cooldown": 0,
      "docking": {
       "planet_id": 2,
       "status": "docking",
       "turns_left": 3
      },
      "health": 255,
      "id": 8,
      "owner": 0,
      "vel_x": 0.0,
      "vel_y": 0.0,
      "x": 116.235804289959,
      "y": 76.2358042899586
     },
     {
      "cooldown": 0,
      "docking": {
       "planet_id": 10,
       "status": "docked"
      },
      "health": 255,
      "id": 0,
      "owner": 0,
      "vel_x": 0.0,
      "vel_y": 0.0,
      "x": 131.632418753479,
      "y": 35.6903870844285
     },
     {
      "cooldown": 0,
      "docking": {
       "planet_id": 10,
       "status": "docked"
      },
      "health": 255,
      "id": 1,
      "owner": 0,
      "vel_x": 0.0,
      "vel_y": 0.0,
      "x": 130.994518139018,
      "y": 37.2093438249718
     },
     {
      "cooldown": 0,
      "docking": {
       "status": "undocked"
      },
      "health": 255,
      "id": 10,
      "owner": 0,
      "vel_x": 0.0,
      "vel_y": 0.0,
      "x": 131.200064234753,
      "y": 58.0511650305659
     },
     {
      "cooldown": 0,
      "docking": {
       "planet_id": 2,
       "status": "docked"
      },
      "health": 255,
      "id": 2,
      "owner": 0,
      "vel_x": 0.0,
      "vel_y": 0.0,
      "x": 114.606332658276,
      "y": 59.5864395651135
     },
     {
      "cooldown": 0,
      "docking": {
       "planet_id": 3,
       "status": "docked"
      },
      "health": 255,
      "id": 7,
      "owner": 0,
      "vel_x": 0.0,
      "vel_y": 0.0,
      "x": 132.298941401524,
      "y": 58.249874062461
     }
    ],
    "Time": 0,
    "Turn": 23
   },
   {
    "Commands": [
     {
      "owner": 0,
      "planet_id": 3,
      "queue_number": 0,
      "shipId": 10,
      "type": "dock"
     }
    ],
    "Planets": [
     {
      "current_production": 24,
      "docked_ships": [
       2,
       8
      ],
      "health": 1823,
      "id": 2,
      "owner": 0,
      "remaining_production": 1029
     },
     {
      "current_production": 12,
      "docked_ships": [
       7,
       10
      ],
      "health": 1823,
      "id": 3,
      "owner": 0,
      "remaining_production": 1029
     },
     {
      "current_production": 54,
      "docked_ships": [
       1,
       0
      ],
      "health": 1329,
      "id": 10,
      "owner": 0,
      "remaining_production": 750
     }
    ],
    "Ships": [
     {
      "cooldown": 0,
      "docking": {
       "planet_id": 2,
       "status": "docking",
       "turns_left": 2
      },
      "health": 255,
      "id": 8,
      "owner": 0,
      "vel_x": 0.0,
      "vel_y": 0.0,
      "x": 116.235804289959,
      "y": 76.2358042899586
     },
     {
      "cooldown": 0,
      "docking": {
       "planet_id": 10,
       "status": "docked"
      },
      "health": 255,
      "id": 0,
      "owner": 0,
      "vel_x": 0.0,
      "vel_y": 0.0,
      "x": 131.632418753479,
      "y": 35.6903870844285
     },
     {
      "cooldown": 0,
      "docking": {
       "planet_id": 10,
       "status": "docked"
      },
      "health": 255,
      "id": 1,
      "owner": 0,
      "vel_x": 0.0,
      "vel_y": 0.0,
      "x": 130.994518139018,
      "y": 37.2093438249718
     },
     {
      "cooldown": 0,
      "docking": {
       "planet_id": 3,
       "status": "docking",
       "turns_left": 5
      },
      "health": 255,
      "id": 10,
      "owner": 0,
      "vel_x": 0.0,
      "vel_y": 0.0,
      "x": 131.200064234753,
      "y": 58.0511650305659
     },
     {
      "cooldown": 0,
      "docking": {
       "planet_id": 2,
       "status": "docked"
      },
      "health": 255,
      "id": 2,
      "owner": 0,
      "vel_x": 0.0,
      "vel_y": 0.0,
      "x": 114.606332658276,
      "y": 59.5864395651135
     },
     {
      "cooldown": 0,
      "docking": {
       "planet_id": 3,
       "status": "docked"
      },
      "health": 255,
      "id": 7,
      "owner": 0,
      "vel_x": 0.0,
      "vel_y": 0.0,
      "x": 132.298941401524,
      "y": 58.249874062461
     }
    ],
    "Time": 0,
    "Turn": 24
   },
   null
  ],
  "PlayerID": 0,
  "PlayerName": "BetterBot"
 },
 {
  "Error": {},
  "Frames": [
   {
    "Time": 291,
    "Turn": 0
   },
   {
    "Commands": [
     {
      "angle": 0,
      "magnitude": 0,
      "owner": 1,
      "queue_number": 0,
      "shipId": 3,
      "type": "thrust"
     },
     {
      "angle": 0,
      "magnitude": 1,
      "owner": 1,
      "queue_number": 0,
      "shipId": 4,
      "type": "thrust"
     },
     {
      "angle": 0,
      "magnitude": 4,
      "owner": 1,
      "queue_number": 0,
      "shipId": 5,
      "type": "thrust"
     }
    ],
    "Planets": null,
    "Ships": [
     {
      "cooldown": 0,
      "docking": {
       "status": "undocked"
      },
      "health": 255,
      "id": 3,
      "owner": 1,
      "vel_x": 0.0,
      "vel_y": 0.0,
      "x": 120.0,
      "y": 120.0
     },
     {
      "cooldown": 0,
      "docking": {
       "status": "undocked"
      },
      "health": 255,
      "id": 4,
      "owner": 1,
      "vel_x": 0.0,
      "vel_y": 0.0,
      "x": 121.0,
      "y": 117.0
     },
     {
      "cooldown": 0,
      "docking": {
       "status": "undocked"
      },
      "health": 255,
      "id": 5,
      "owner": 1,
      "vel_x": 0.0,
      "vel_y": 0.0,
      "x": 124.0,
      "y": 123.0
     }
    ],
    "Time": 1,
    "Turn": 1
   },
   {
    "Commands": [
     {
      "angle": 173,
      "magnitude": 7,
      "owner": 1,
      "queue_number": 0,
      "shipId": 3,
      "type": "thrust"
     },
     {
      "angle": 166,
      "magnitude": 7,
      "owner": 1,
      "queue_number": 0,
      "shipId": 4,
      "type": "thrust"
     },
     {
      "angle": 182,
      "magnitude": 7,
      "owner": 1,
      "queue_number": 0,
      "shipId": 5,
      "type": "thrust"
     }
    ],
    "Planets": null,
    "Ships": [
     {
      "cooldown": 0,
      "docking": {
       "status": "undocked"
      },
      "health": 255,
      "id": 3,
      "owner": 1,
      "vel_x": 0.0,
      "vel_y": 0.0,
      "x": 113.052176938511,
      "y": 120.853085403836
     },
     {
      "cooldown": 0,
      "docking": {
       "status": "undocked"
      },
      "health": 255,
      "id": 4,
      "owner": 1,
      "vel_x": 0.0,
      "vel_y": 0.0,
      "x": 114.207929916068,
      "y": 118.693453269198
     },
     {
      "cooldown": 0,
      "docking": {
       "status": "undocked"
      },
      "health": 255,
      "id": 5,
      "owner": 1,
      "vel_x": 0.0,
      "vel_y": -2.3037127760972e-15,
      "x": 117.004264210866,
      "y": 122.755703523082
     }
    ],
    "Time": 3,
    "Turn": 2
   },
   {
    "Commands": [
     {
      "angle": 174,
      "magnitude": 4,
      "owner": 1,
      "queue_number": 0,
      "shipId": 3,
      "type": "thrust"
     },
     {
      "angle": 166,
      "magnitude": 6,
      "owner": 1,
      "queue_number": 0,
      "shipId": 4,
      "type": "thrust"
     },
     {
      "angle": 182,
      "magnitude": 7,
      "owner": 1,
      "queue_number": 0,
      "shipId": 5,
      "type": "thrust"
     }
    ],
    "Planets": null,
    "Ships": [
     {
      "cooldown": 0,
      "docking": {
       "status": "undocked"
      },
      "health": 255,
      "id": 3,
      "owner": 1,
      "vel_x": 0.0,
      "vel_y": 0.0,
      "x": 109.074089357038,
      "y": 121.271199256907
     },
     {
      "cooldown": 0,
      "docking": {
       "status": "undocked"
      },
      "health": 255,
      "id": 4,
      "owner": 1,
      "vel_x": 0.0,
      "vel_y": 0.0,
      "x": 108.386155558412,
      "y": 120.144984642796
     },
     {
      "cooldown": 0,
      "docking": {
       "status": "undocked"
      },
      "health": 255,
      "id": 5,
      "owner": 1,
      "vel_x": 0.0,
      "vel_y": -1.49880108324396e-15,
      "x": 110.008528421733,
      "y": 122.511407046165
     }
    ],
    "Time": 0,
    "Turn": 3
   },
   {
    "Commands": [
     {
      "owner": 1,
      "planet_id": 8,
      "queue_number": 0,
      "shipId": 3,
      "type": "dock"
     },
     {
      "owner": 1,
      "planet_id": 8,
      "queue_number": 0,
      "shipId": 4,
      "type": "dock"
     },
     {
      "angle": 181,
      "magnitude": 1,
      "owner": 1,
      "queue_number": 0,
      "shipId": 5,
      "type": "thrust"
     }
    ],
    "Planets": [
     {
      "current_production": 0,
      "docked_ships": [
       3,
       4
      ],
      "health": 1329,
      "id": 8,
      "owner": 1,
      "remaining_production": 750
     }
    ],
    "Ships": [
     {
      "cooldown": 0,
      "docking": {
       "planet_id": 8,
       "status": "docking",
       "turns_left": 5
      },
      "health": 255,
      "id": 3,
      "owner": 1,
      "vel_x": 0.0,
      "vel_y": 0.0,
      "x": 109.074089357038,
      "y": 121.271199256907
     },
     {
      "cooldown": 0,
      "docking": {
       "planet_id": 8,
       "status": "docking",
       "turns_left": 5
      },
      "health": 255,
      "id": 4,
      "owner": 1,
      "vel_x": 0.0,
      "vel_y": 0.0,
      "x": 108.386155558412,
      "y": 120.144984642796
     },
     {
      "cooldown": 0,
      "docking": {
       "status": "undocked"
      },
      "health": 255,
      "id": 5,
      "owner": 1,
      "vel_x": 0.0,
      "vel_y": 0.0,
      "x": 109.008680726576,
      "y": 122.493954639728
     }
    ],
    "Time": 0,
    "Turn": 4
   },
   {
    "Commands": [
     {
      "angle": 337,
      "magnitude": 7,
      "owner": 1,
      "queue_number": 0,
      "shipId": 5,
      "type": "thrust"
     }
    ],
    "Planets": [
     {
      "current_production": 0,
      "docked_ships": [
       3,
       4
      ],
      "health": 1329,
      "id": 8,
      "owner": 1,
      "remaining_production": 750
     }
    ],
    "Ships": [
     {
      "cooldown": 0,
      "docking": {
       "planet_id": 8,
       "status": "docking",
       "turns_left": 4
      },
      "health": 255,
      "id": 3,
      "owner": 1,
      "vel_x": 0.0,
      "vel_y": 0.0,
      "x": 109.074089357038,
      "y": 121.271199256907
     },
     {
      "cooldown": 0,
      "docking": {
       "planet_id": 8,
       "status": "docking",
       "turns_left": 4
      },
      "health": 255,
      "id": 4,
      "owner": 1,
      "vel_x": 0.0,
      "vel_y": 0.0,
      "x": 108.386155558412,
      "y": 120.144984642796
     },
     {
      "cooldown": 0,
      "docking": {
       "status": "undocked"
      },
      "health": 255,
      "id": 5,
      "owner": 1,
      "vel_x": 0.0,
      "vel_y": -4.44089209850063e-16,
      "x": 115.452214700743,
      "y": 119.758836740303
     }
    ],
    "Time": 0,
    "Turn": 5
   },
   {
    "Commands": [
     {
      "angle": 258,
      "magnitude": 7,
      "owner": 1,
      "queue_number": 0,
      "shipId": 5,
      "type": "thrust"
     }
    ],
    "Planets": [
     {
      "current_production": 0,
      "docked_ships": [
       3,
       4
      ],
      "health": 1329,
      "id": 8,
      "owner": 1,
      "remaining_production": 750
     }
    ],
    "Ships": [
     {
      "cooldown": 0,
      "docking": {
       "planet_id": 8,
       "status": "docking",
       "turns_left": 3
      },
      "health": 255,
      "id": 3,
      "owner": 1,
      "vel_x": 0.0,
      "vel_y": 0.0,
      "x": 109.074089357038,
      "y": 121.271199256907
     },
     {
      "cooldown": 0,
      "docking": {
       "planet_id": 8,
       "status": "docking",
       "turns_left": 3
      },
      "health": 255,
      "id": 4,
      "owner": 1,
      "vel_x": 0.0,
      "vel_y": 0.0,
      "x": 108.386155558412,
      "y": 120.144984642796
     },
     {
      "cooldown": 0,
      "docking": {
       "status": "undocked"
      },
      "health": 255,
      "id": 5,
      "owner": 1,
      "vel_x": 0.0,
      "vel_y": 0.0,
      "x": 113.996832865019,
      "y": 112.911803535166
     }
    ],
    "Time": 0,
    "Turn": 6
   },
   {
    "Commands": [
     {
      "angle": 258,
      "magnitude": 7,
      "owner": 1,
      "queue_number": 0,
      "shipId": 5,
      "type": "thrust"
     }
    ],
    "Planets": [
     {
      "current_production": 0,
      "docked_ships": [
       3,
       4
      ],
      "health": 1329,
      "id": 8,
      "owner": 1,
      "remaining_production": 750
     }
    ],
    "Ships": [
     {
      "cooldown": 0,
      "docking": {
       "planet_id": 8,
       "status": "docking",
       "turns_left": 2
      },
      "health": 255,
      "id": 3,
      "owner": 1,
      "vel_x": 0.0,
      "vel_y": 0.0,
      "x": 109.074089357038,
      "y": 121.271199256907
     },
     {
      "cooldown": 0,
      "docking": {
       "planet_id": 8,
       "status": "docking",
       "turns_left": 2
      },
      "health": 255,
      "id": 4,
      "owner": 1,
      "vel_x": 0.0,
      "vel_y": 0.0,
      "x": 108.386155558412,
      "y": 120.144984642796
     },
     {
      "cooldown": 0,
      "docking": {
       "status": "undocked"
      },
      "health": 255,
      "id": 5,
      "owner": 1,
      "vel_x": 0.0,
      "vel_y": 0.0,
      "x": 112.541451029295,
      "y": 106.064770330029
     }
    ],
    "Time": 1,
    "Turn": 7
   },
   {
    "Commands": [
     {
      "angle": 258,
      "magnitude": 5,
      "owner": 1,
      "queue_number": 0,
      "shipId": 5,
      "type": "thrust"
     }
    ],
    "Planets": [
     {
      "current_production": 0,
      "docked_ships": [
       3,
       4
      ],
      "health": 1329,
      "id": 8,
      "owner": 1,
      "remaining_production": 750
     }
    ],
    "Ships": [
     {
      "cooldown": 0,
      "docking": {
       "planet_id": 8,
       "status": "docking",
       "turns_left": 1
      },
      "health": 255,
      "id": 3,
      "owner": 1,
      "vel_x": 0.0,
      "vel_y": 0.0,
      "x": 109.074089357038,
      "y": 121.271199256907
     },
     {
      "cooldown": 0,
      "docking": {
       "planet_id": 8,
       "status": "docking",
       "turns_left": 1
      },
      "health": 255,
      "id": 4,
      "owner": 1,
      "vel_x": 0.0,
      "vel_y": 0.0,
      "x": 108.386155558412,
      "y": 120.144984642796
     },
     {
      "cooldown": 0,
      "docking": {
       "status": "undocked"
      },
      "health": 255,
      "id": 5,
      "owner": 1,
      "vel_x": 0.0,
      "vel_y": 0.0,
      "x": 111.501892575206,
      "y": 101.17403232636
     }
    ],
    "Time": 0,
    "Turn": 8
   },
   {
    "Commands": [
     {
      "owner": 1,
      "planet_id": 1,
      "queue_number": 0,
      "shipId": 5,
      "type": "dock"
     }
    ],
    "Planets": [
     {
      "current_production": 0,
      "docked_ships": [
       5
      ],
      "health": 1823,
      "id": 1,
      "owner": 1,
      "remaining_production": 1029
     },
     {
      "current_production": 12,
      "docked_ships": [
       3,
       4
      ],
      "health": 1329,
      "id": 8,
      "owner": 1,
      "remaining_production": 750
     }
    ],
    "Ships": [
     {
      "cooldown": 0,
      "docking": {
       "planet_id": 8,
       "status": "docked"
      },
      "health": 255,
      "id": 3,
      "owner": 1,
      "vel_x": 0.0,
      "vel_y": 0.0,
      "x": 109.074089357038,
      "y": 121.271199256907
     },
     {
      "cooldown": 0,
      "docking": {
       "planet_id": 8,
       "status": "docked"
      },
      "health": 255,
      "id": 4,
      "owner": 1,
      "vel_x": 0.0,
      "vel_y": 0.0,
      "x": 108.386155558412,
      "y": 120.144984642796
     },
     {
      "cooldown": 0,
      "docking": {
       "planet_id": 1,
       "status": "docking",
       "turns_left": 5
      },
      "health": 255,
      "id": 5,
      "owner": 1,
      "vel_x": 0.0,
      "vel_y": 0.0,
      "x": 111.501892575206,
      "y": 101.17403232636
     }
    ],
    "Time": 0,
    "Turn": 9
   },
   {
    "Commands": null,
    "Planets": [
     {
      "current_production": 0,
      "docked_ships": [
       5
      ],
      "health": 1823,
      "id": 1,
      "owner": 1,
      "remaining_production": 1029
     },
     {
      "current_production": 24,
      "docked_ships": [
       3,
       4
      ],
      "health": 1329,
      "id": 8,
      "owner": 1,
      "remaining_production": 750
     }
    ],
    "Ships": [
     {
      "cooldown": 0,
      "docking": {
       "planet_id": 8,
       "status": "docked"
      },
      "health": 255,
      "id": 3,
      "owner": 1,
      "vel_x": 0.0,
      "vel_y": 0.0,
      "x": 109.074089357038,
      "y": 121.271199256907
     },
     {
      "cooldown": 0,
      "docking": {
       "planet_id": 8,
       "status": "docked"
      },
      "health": 255,
      "id": 4,
      "owner": 1,
      "vel_x": 0.0,
      "vel_y": 0.0,
      "x": 108.386155558412,
      "y": 120.144984642796
     },
     {
      "cooldown": 0,
      "docking": {
       "planet_id": 1,
       "status": "docking",
       "turns_left": 4
      },
      "health": 255,
      "id": 5,
      "owner": 1,
      "vel_x": 0.0,
      "vel_y": 0.0,
      "x": 111.501892575206,
      "y": 101.17403232636
     }
    ],
    "Time": 0,
    "Turn": 10
   },
   {
    "Commands": null,
    "Planets": [
     {
      "current_production": 0,
      "docked_ships": [
       5
      ],
      "health": 1823,
      "id": 1,
      "owner": 1,
      "remaining_production": 1029
     },
     {
      "current_production": 36,
      "docked_ships": [
       3,
       4
      ],
      "health": 1329,
      "id": 8,
      "owner": 1,
      "remaining_production": 750
     }
    ],
    "Ships": [
     {
      "cooldown": 0,
      "docking": {
       "planet_id": 8,
       "status": "docked"
      },
      "health": 255,
      "id": 3,
      "owner": 1,
      "vel_x": 0.0,
      "vel_y": 0.0,
      "x": 109.074089357038,
      "y": 121.271199256907
     },
     {
      "cooldown": 0,
      "docking": {
       "planet_id": 8,
       "status": "docked"
      },
      "health": 255,
      "id": 4,
      "owner": 1,
      "vel_x": 0.0,
      "vel_y": 0.0,
      "x": 108.386155558412,
      "y": 120.144984642796
     },
     {
      "cooldown": 0,
      "docking": {
       "planet_id": 1,
       "status": "docking",
       "turns_left": 3
      },
      "health": 255,
      "id": 5,
      "owner": 1,
      "vel_x": 0.0,
      "vel_y": 0.0,
      "x": 111.501892575206,
      "y": 101.17403232636
     }
    ],
    "Time": 0,
    "Turn": 11
   },
   {
    "Commands": null,
    "Planets": [
     {
      "current_production": 0,
      "docked_ships": [
       5
      ],
      "health": 1823,
      "id": 1,
      "owner": 1,
      "remaining_production": 1029
     },
     {
      "current_production": 48,
      "docked_ships": [
       3,
       4
      ],
      "health": 1329,
      "id": 8,
      "owner": 1,
      "remaining_production": 750
     }
    ],
    "Ships": [
     {
      "cooldown": 0,
      "docking": {
       "planet_id": 8,
       "status": "docked"
      },
      "health": 255,
      "id": 3,
      "owner": 1,
      "vel_x": 0.0,
      "vel_y": 0.0,
      "x": 109.074089357038,
      "y": 121.271199256907
     },
     {
      "cooldown": 0,
      "docking": {
       "planet_id": 8,
       "status": "docked"
      },
      "health": 255,
      "id": 4,
      "owner": 1,
      "vel_x": 0.0,
      "vel_y": 0.0,
      "x": 108.386155558412,
      "y": 120.144984642796
     },
     {
      "cooldown": 0,
      "docking": {
       "planet_id": 1,
       "status": "docking",
       "turns_left": 2
      },
      "health": 255,
      "id": 5,
      "owner": 1,
      "vel_x": 0.0,
      "vel_y": 0.0,
      "x": 111.501892575206,
      "y": 101.17403232636
     }
    ],
    "Time": 0,
    "Turn": 12
   },
   {
    "Commands": null,
    "Planets": [
     {
      "current_production": 0,
      "docked_ships": [
       5
      ],
      "health": 1823,
      "id": 1,
      "owner": 1,
      "remaining_production": 1029
     },
     {
      "current_production": 60,
      "docked_ships": [
       3,
       4
      ],
      "health": 1329,
      "id": 8,
      "owner": 1,
      "remaining_production": 750
     }
    ],
    "Ships": [
     {
      "cooldown": 0,
      "docking": {
       "planet_id": 8,
       "status": "docked"
      },
      "health": 255,
      "id": 3,
      "owner": 1,
      "vel_x": 0.0,
      "vel_y": 0.0,
      "x": 109.074089357038,
      "y": 121.271199256907
     },
     {
      "cooldown": 0,
      "docking": {
       "planet_id": 8,
       "status": "docked"
      },
      "health": 255,
      "id": 4,
      "owner": 1,
      "vel_x": 0.0,
      "vel_y": 0.0,
      "x": 108.386155558412,
      "y": 120.144984642796
     },
     {
      "cooldown": 0,
      "docking": {
       "planet_id": 1,
       "status": "docking",
       "turns_left": 1
      },
      "health": 255,
      "id": 5,
      "owner": 1,
      "vel_x": 0.0,
      "vel_y": 0.0,
      "x": 111.501892575206,
      "y": 101.17403232636
     }
    ],
    "Time": 0,
    "Turn": 13
   },
   {
    "Commands": null,
    "Planets": [
     {
      "current_production": 6,
      "docked_ships": [
       5
      ],
      "health": 1823,
      "id": 1,
      "owner": 1,
      "remaining_production": 1029
     },
     {
      "current_production": 0,
      "docked_ships": [
       3,
       4
      ],
      "health": 1329,
      "id": 8,
      "owner": 1,
      "remaining_production": 750
     }
    ],
    "Ships": [
     {
      "cooldown": 0,
      "docking": {
       "planet_id": 8,
       "status": "docked"
      },
      "health": 255,
      "id": 3,
      "owner": 1,
      "vel_x": 0.0,
      "vel_y": 0.0,
      "x": 109.074089357038,
      "y": 121.271199256907
     },
     {
      "cooldown": 0,
      "docking": {
       "planet_id": 8,
       "status": "docked"
      },
      "health": 255,
      "id": 4,
      "owner": 1,
      "vel_x": 0.0,
      "vel_y": 0.0,
      "x": 108.386155558412,
      "y": 120.144984642796
     },
     {
      "cooldown": 0,
      "docking": {
       "planet_id": 1,
       "status": "docked"
      },
      "health": 255,
      "id": 5,
      "owner": 1,
      "vel_x": 0.0,
      "vel_y": 0.0,
      "x": 111.501892575206,
      "y": 101.17403232636
     },
     {
      "cooldown": 0,
      "docking": {
       "status": "undocked"
      },
      "health": 255,
      "id": 6,
      "owner": 1,
      "vel_x": 0.0,
      "vel_y": 0.0,
      "x": 105.613462084075,
      "y": 116.604146968663
     }
    ],
    "Time": 0,
    "Turn": 14
   },
   {
    "Commands": [
     {
      "angle": 278,
      "magnitude": 7,
      "owner": 1,
      "queue_number": 0,
      "shipId": 6,
      "type": "thrust"
     }
    ],
    "Planets": [
     {
      "current_production": 12,
      "docked_ships": [
       5
      ],
      "health": 1823,
      "id": 1,
      "owner": 1,
      "remaining_production": 1029
     },
     {
      "current_production": 12,
      "docked_ships": [
       3,
       4
      ],
      "health": 1329,
      "id": 8,
      "owner": 1,
      "remaining_production": 750
     }
    ],
    "Ships": [
     {
      "cooldown": 0,
      "docking": {
       "planet_id": 8,
       "status": "docked"
      },
      "health": 255,
      "id": 3,
      "owner": 1,
      "vel_x": 0.0,
      "vel_y": 0.0,
      "x": 109.074089357038,
      "y": 121.271199256907
     },
     {
      "cooldown": 0,
      "docking": {
       "planet_id": 8,
       "status": "docked"
      },
      "health": 255,
      "id": 4,
      "owner": 1,
      "vel_x": 0.0,
      "vel_y": 0.0,
      "x": 108.386155558412,
      "y": 120.144984642796
     },
     {
      "cooldown": 0,
      "docking": {
       "planet_id": 1,
       "status": "docked"
      },
      "health": 255,
      "id": 5,
      "owner": 1,
      "vel_x": 0.0,
      "vel_y": 0.0,
      "x": 111.501892575206,
      "y": 101.17403232636
     },
     {
      "cooldown": 0,
      "docking": {
       "status": "undocked"
      },
      "health": 255,
      "id": 6,
      "owner": 1,
      "vel_x": 8.88178419700125e-16,
      "vel_y": 0.0,
      "x": 106.587673790795,
      "y": 109.672270487472
     }
    ],
    "Time": 0,
    "Turn": 15
   },
   {
    "Commands": [
     {
      "angle": 278,
      "magnitude": 7,
      "owner": 1,
      "queue_number": 0,
      "shipId": 6,
      "type": "thrust"
     }
    ],
    "Planets": [
     {
      "current_production": 18,
      "docked_ships": [
       5
      ],
      "health": 1823,
      "id": 1,
      "owner": 1,
      "remaining_production": 1029
     },
     {
      "current_production": 24,
      "docked_ships": [
       3,
       4
      ],
      "health": 1329,
      "id": 8,
      "owner": 1,
      "remaining_production": 750
     }
    ],
    "Ships": [
     {
      "cooldown": 0,
      "docking": {
       "planet_id": 8,
       "status": "docked"
      },
      "health": 255,
      "id": 3,
      "owner": 1,
      "vel_x": 0.0,
      "vel_y": 0.0,
      "x": 109.074089357038,
      "y": 121.271199256907
     },
     {
      "cooldown": 0,
      "docking": {
       "planet_id": 8,
       "status": "docked"
      },
      "health": 255,
      "id": 4,
      "owner": 1,
      "vel_x": 0.0,
      "vel_y": 0.0,
      "x": 108.386155558412,
      "y": 120.144984642796
     },
     {
      "cooldown": 0,
      "docking": {
       "planet_id": 1,
       "status": "docked"
      },
      "health": 255,
      "id": 5,
      "owner": 1,
      "vel_x": 0.0,
      "vel_y": 0.0,
      "x": 111.501892575206,
      "y": 101.17403232636
     },
     {
      "cooldown": 0,
      "docking": {
       "status": "undocked"
      },
      "health": 255,
      "id": 6,
      "owner": 1,
      "vel_x": 2.22044604925031e-16,
      "vel_y": -8.88178419700125e-16,
      "x": 107.561885497516,
      "y": 102.740394006281
     }
    ],
    "Time": 0,
    "Turn": 16
   },
   {
    "Commands": [
     {
      "angle": 278,
      "magnitude": 1,
      "owner": 1,
      "queue_number": 0,
      "shipId": 6,
      "type": "thrust"
     }
    ],
    "Planets": [
     {
      "current_production": 24,
      "docked_ships": [
       5
      ],
      "health": 1823,
      "id": 1,
      "owner": 1,
      "remaining_production": 1029
     },
     {
      "current_production": 36,
      "docked_ships": [
       3,
       4
      ],
      "health": 1329,
      "id": 8,
      "owner": 1,
      "remaining_production": 750
     }
    ],
    "Ships": [
     {
      "cooldown": 0,
      "docking": {
       "planet_id": 8,
       "status": "docked"
      },
      "health": 255,
      "id": 3,
      "owner": 1,
      "vel_x": 0.0,
      "vel_y": 0.0,
      "x": 109.074089357038,
      "y": 121.271199256907
     },
     {
      "cooldown": 0,
      "docking": {
       "planet_id": 8,
       "status": "docked"
      },
      "health": 255,
      "id": 4,
      "owner": 1,
      "vel_x": 0.0,
      "vel_y": 0.0,
      "x": 108.386155558412,
      "y": 120.144984642796
     },
     {
      "cooldown": 0,
      "docking": {
       "planet_id": 1,
       "status": "docked"
      },
      "health": 255,
      "id": 5,
      "owner": 1,
      "vel_x": 0.0,
      "vel_y": 0.0,
      "x": 111.501892575206,
      "y": 101.17403232636
     },
     {
      "cooldown": 0,
      "docking": {
       "status": "undocked"
      },
      "health": 255,
      "id": 6,
      "owner": 1,
      "vel_x": 0.0,
      "vel_y": 0.0,
      "x": 107.701058598476,
      "y": 101.750125937539
     }
    ],
    "Time": 0,
    "Turn": 17
   },
   {
    "Commands": [
     {
      "owner": 1,
      "planet_id": 1,
      "queue_number": 0,
      "shipId": 6,
      "type": "dock"
     }
    ],
    "Planets": [
     {
      "current_production": 30,
      "docked_ships": [
       5,
       6
      ],
      "health": 1823,
      "id": 1,
      "owner": 1,
      "remaining_production": 1029
     },
     {
      "current_production": 48,
      "docked_ships": [
       3,
       4
      ],
      "health": 1329,
      "id": 8,
      "owner": 1,
      "remaining_production": 750
     }
    ],
    "Ships": [
     {
      "cooldown": 0,
      "docking": {
       "planet_id": 8,
       "status": "docked"
      },
      "health": 255,
      "id": 3,
      "owner": 1,
      "vel_x": 0.0,
      "vel_y": 0.0,
      "x": 109.074089357038,
      "y": 121.271199256907
     },
     {
      "cooldown": 0,
      "docking": {
       "planet_id": 8,
       "status": "docked"
      },
      "health": 255,
      "id": 4,
      "owner": 1,
      "vel_x": 0.0,
      "vel_y": 0.0,
      "x": 108.386155558412,
      "y": 120.144984642796
     },
     {
      "cooldown": 0,
      "docking": {
       "planet_id": 1,
       "status": "docked"
      },
      "health": 255,
      "id": 5,
      "owner": 1,
      "vel_x": 0.0,
      "vel_y": 0.0,
      "x": 111.501892575206,
      "y": 101.17403232636
     },
     {
      "cooldown": 0,
      "docking": {
       "planet_id": 1,
       "status": "docking",
       "turns_left": 5
      },
      "health": 255,
      "id": 6,
      "owner": 1,
      "vel_x": 0.0,
      "vel_y": 0.0,
      "x": 107.701058598476,
      "y": 101.750125937539
     }
    ],
    "Time": 0,
    "Turn": 18
   },
   {
    "Commands": null,
    "Planets": [
     {
      "current_production": 36,
      "docked_ships": [
       5,
       6
      ],
      "health": 1823,
      "id": 1,
      "owner": 1,
      "remaining_production": 1029
     },
     {
      "current_production": 60,
      "docked_ships": [
       3,
       4
      ],
      "health": 1329,
      "id": 8,
      "owner": 1,
      "remaining_production": 750
     }
    ],
    "Ships": [
     {
      "cooldown": 0,
      "docking": {
       "planet_id": 8,
       "status": "docked"
      },
      "health": 255,
      "id": 3,
      "owner": 1,
      "vel_x": 0.0,
      "vel_y": 0.0,
      "x": 109.074089357038,
      "y": 121.271199256907
     },
     {
      "cooldown": 0,
      "docking": {
       "planet_id": 8,
       "status": "docked"
      },
      "health": 255,
      "id": 4,
      "owner": 1,
      "vel_x": 0.0,
      "vel_y": 0.0,
      "x": 108.386155558412,
      "y": 120.144984642796
     },
     {
      "cooldown": 0,
      "docking": {
       "planet_id": 1,
       "status": "docked"
      },
      "health": 255,
      "id": 5,
      "owner": 1,
      "vel_x": 0.0,
      "vel_y": 0.0,
      "x": 111.501892575206,
      "y": 101.17403232636
     },
     {
      "cooldown": 0,
      "docking": {
       "planet_id": 1,
       "status": "docking",
       "turns_left": 4
      },
      "health": 255,
      "id": 6,
      "owner": 1,
      "vel_x": 0.0,
      "vel_y": 0.0,
      "x": 107.701058598476,
      "y": 101.750125937539
     }
    ],
    "Time": 0,
    "Turn": 19
   },
   {
    "Commands": null,
    "Planets": [
     {
      "current_production": 42,
      "docked_ships": [
       5,
       6
      ],
      "health": 1823,
      "id": 1,
      "owner": 1,
      "remaining_production": 1029
     },
     {
      "current_production": 0,
      "docked_ships": [
       3,
       4
      ],
      "health": 1329,
      "id": 8,
      "owner": 1,
      "remaining_production": 750
     }
    ],
    "Ships": [
     {
      "cooldown": 0,
      "docking": {
       "planet_id": 8,
       "status": "docked"
      },
      "health": 255,
      "id": 3,
      "owner": 1,
      "vel_x": 0.0,
      "vel_y": 0.0,
      "x": 109.074089357038,
      "y": 121.271199256907
     },
     {
      "cooldown": 0,
      "docking": {
       "planet_id": 8,
       "status": "docked"
      },
      "health": 255,
      "id": 4,
      "owner": 1,
      "vel_x": 0.0,
      "vel_y": 0.0,
      "x": 108.386155558412,
      "y": 120.144984642796
     },
     {
      "cooldown": 0,
      "docking": {
       "planet_id": 1,
       "status": "docked"
      },
      "health": 255,
      "id": 5,
      "owner": 1,
      "vel_x": 0.0,
      "vel_y": 0.0,
      "x": 111.501892575206,
      "y": 101.17403232636
     },
     {
      "cooldown": 0,
      "docking": {
       "planet_id": 1,
       "status": "docking",
       "turns_left": 3
      },
      "health": 255,
      "id": 6,
      "owner": 1,
      "vel_x": 0.0,
      "vel_y": 0.0,
      "x": 107.701058598476,
      "y": 101.750125937539
     },
     {
      "cooldown": 0,
      "docking": {
       "status": "undocked"
      },
      "health": 255,
      "id": 9,
      "owner": 1,
      "vel_x": 0.0,
      "vel_y": 0.0,
      "x": 105.613462084075,
      "y": 116.604146968663
     }
    ],
    "Time": 0,
    "Turn": 20
   },
   {
    "Commands": [
     {
      "angle": 283,
      "magnitude": 7,
      "owner": 1,
      "queue_number": 0,
      "shipId": 9,
      "type": "thrust"
     }
    ],
    "Planets": [
     {
      "current_production": 48,
      "docked_ships": [
       5,
       6
      ],
      "health": 1823,
      "id": 1,
      "owner": 1,
      "remaining_production": 1029
     },
     {
      "current_production": 12,
      "docked_ships": [
       3,
       4
      ],
      "health": 1329,
      "id": 8,
      "owner": 1,
      "remaining_production": 750
     }
    ],
    "Ships": [
     {
      "cooldown": 0,
      "docking": {
       "planet_id": 8,
       "status": "docked"
      },
      "health": 255,
      "id": 3,
      "owner": 1,
      "vel_x": 0.0,
      "vel_y": 0.0,
      "x": 109.074089357038,
      "y": 121.271199256907
     },
     {
      "cooldown": 0,
      "docking": {
       "planet_id": 8,
       "status": "docked"
      },
      "health": 255,
      "id": 4,
      "owner": 1,
      "vel_x": 0.0,
      "vel_y": 0.0,
      "x": 108.386155558412,
      "y": 120.144984642796
     },
     {
      "cooldown": 0,
      "docking": {
       "planet_id": 1,
       "status": "docked"
      },
      "health": 255,
      "id": 5,
      "owner": 1,
      "vel_x": 0.0,
      "vel_y": 0.0,
      "x": 111.501892575206,
      "y": 101.17403232636
     },
     {
      "cooldown": 0,
      "docking": {
       "planet_id": 1,
       "status": "docking",
       "turns_left": 2
      },
      "health": 255,
      "id": 6,
      "owner": 1,
      "vel_x": 0.0,
      "vel_y": 0.0,
      "x": 107.701058598476,
      "y": 101.750125937539
     },
     {
      "cooldown": 0,
      "docking": {
       "status": "undocked"
      },
      "health": 255,
      "id": 9,
      "owner": 1,
      "vel_x": 0.0,
      "vel_y": 0.0,
      "x": 107.188119464482,
      "y": 109.783556515166
     }
    ],
    "Time": 0,
    "Turn": 21
   },
   {
    "Commands": [
     {
      "angle": 282,
      "magnitude": 7,
      "owner": 1,
      "queue_number": 0,
      "shipId": 9,
      "type": "thrust"
     }
    ],
    "Planets": [
     {
      "current_production": 54,
      "docked_ships": [
       5,
       6
      ],
      "health": 1823,
      "id": 1,
      "owner": 1,
      "remaining_production": 1029
     },
     {
      "current_production": 24,
      "docked_ships": [
       3,
       4
      ],
      "health": 1329,
      "id": 8,
      "owner": 1,
      "remaining_production": 750
     }
    ],
    "Ships": [
     {
      "cooldown": 0,
      "docking": {
       "planet_id": 8,
       "status": "docked"
      },
      "health": 255,
      "id": 3,
      "owner": 1,
      "vel_x": 0.0,
      "vel_y": 0.0,
      "x": 109.074089357038,
      "y": 121.271199256907
     },
     {
      "cooldown": 0,
      "docking": {
       "planet_id": 8,
       "status": "docked"
      },
      "health": 255,
      "id": 4,
      "owner": 1,
      "vel_x": 0.0,
      "vel_y": 0.0,
      "x": 108.386155558412,
      "y": 120.144984642796
     },
     {
      "cooldown": 0,
      "docking": {
       "planet_id": 1,
       "status": "docked"
      },
      "health": 255,
      "id": 5,
      "owner": 1,
      "vel_x": 0.0,
      "vel_y": 0.0,
      "x": 111.501892575206,
      "y": 101.17403232636
     },
     {
      "cooldown": 0,
      "docking": {
       "planet_id": 1,
       "status": "docking",
       "turns_left": 1
      },
      "health": 255,
      "id": 6,
      "owner": 1,
      "vel_x": 0.0,
      "vel_y": 0.0,
      "x": 107.701058598476,
      "y": 101.750125937539
     },
     {
      "cooldown": 0,
      "docking": {
       "status": "undocked"
      },
      "health": 255,
      "id": 9,
      "owner": 1,
      "vel_x": 6.66133814775094e-16,
      "vel_y": 0.0,
      "x": 108.643501300206,
      "y": 102.936523310029
     }
    ],
    "Time": 1,
    "Turn": 22
   },
   {
    "Commands": [
     {
      "angle": 279,
      "magnitude": 1,
      "owner": 1,
      "queue_number": 0,
      "shipId": 9,
      "type": "thrust"
     }
    ],
    "Planets": [
     {
      "current_production": 66,
      "docked_ships": [
       5,
       6
      ],
      "health": 1823,
      "id": 1,
      "owner": 1,
      "remaining_production": 1029
     },
     {
      "current_production": 36,
      "docked_ships": [
       3,
       4
      ],
      "health": 1329,
      "id": 8,
      "owner": 1,
      "remaining_production": 750
     }
    ],
    "Ships": [
     {
      "cooldown": 0,
      "docking": {
       "planet_id": 8,
       "status": "docked"
      },
      "health": 255,
      "id": 3,
      "owner": 1,
      "vel_x": 0.0,
      "vel_y": 0.0,
      "x": 109.074089357038,
      "y": 121.271199256907
     },
     {
      "cooldown": 0,
      "docking": {
       "planet_id": 8,
       "status": "docked"
      },
      "health": 255,
      "id": 4,
      "owner": 1,
      "vel_x": 0.0,
      "vel_y": 0.0,
      "x": 108.386155558412,
      "y": 120.144984642796
     },
     {
      "cooldown": 0,
      "docking": {
       "planet_id": 1,
       "status": "docked"
      },
      "health": 255,
      "id": 5,
      "owner": 1,
      "vel_x": 0.0,
      "vel_y": 0.0,
      "x": 111.501892575206,
      "y": 101.17403232636
     },
     {
      "cooldown": 0,
      "docking": {
       "planet_id": 1,
       "status": "docked"
      },
      "health": 255,
      "id": 6,
      "owner": 1,
      "vel_x": 0.0,
      "vel_y": 0.0,
      "x": 107.701058598476,
      "y": 101.750125937539
     },
     {
      "cooldown": 0,
      "docking": {
       "status": "undocked"
      },
      "health": 255,
      "id": 9,
      "owner": 1,
      "vel_x": 0.0,
      "vel_y": 0.0,
      "x": 108.799935765247,
      "y": 101.948834969434
     }
    ],
    "Time": 0,
    "Turn": 23
   },
   {
    "Commands": [
     {
      "owner": 1,
      "planet_id": 1,
      "queue_number": 0,
      "shipId": 9,
      "type": "dock"
     }
    ],
    "Planets": [
     {
      "current_production": 6,
      "docked_ships": [
       5,
       6,
       9
      ],
      "health": 1823,
      "id": 1,
      "owner": 1,
      "remaining_production": 1029
     },
     {
      "current_production": 48,
      "docked_ships": [
       3,
       4
      ],
      "health": 1329,
      "id": 8,
      "owner": 1,
      "remaining_production": 750
     }
    ],
    "Ships": [
     {
      "cooldown": 0,
      "docking": {
       "status": "undocked"
      },
      "health": 255,
      "id": 11,
      "owner": 1,
      "vel_x": 0.0,
      "vel_y": 0.0,
      "x": 116.235804289959,
      "y": 83.7641957100414
     },
     {
      "cooldown": 0,
      "docking": {
       "planet_id": 8,
       "status": "docked"
      },
      "health": 255,
      "id": 3,
      "owner": 1,
      "vel_x": 0.0,
      "vel_y": 0.0,
      "x": 109.074089357038,
      "y": 121.271199256907
     },
     {
      "cooldown": 0,
      "docking": {
       "planet_id": 8,
       "status": "docked"
      },
      "health": 255,
      "id": 4,
      "owner": 1,
      "vel_x": 0.0,
      "vel_y": 0.0,
      "x": 108.386155558412,
      "y": 120.144984642796
     },
     {
      "cooldown": 0,
      "docking": {
       "planet_id": 1,
       "status": "docked"
      },
      "health": 255,
      "id": 5,
      "owner": 1,
      "vel_x": 0.0,
      "vel_y": 0.0,
      "x": 111.501892575206,
      "y": 101.17403232636
     },
     {
      "cooldown": 0,
      "docking": {
       "planet_id": 1,
       "status": "docked"
      },
      "health": 255,
      "id": 6,
      "owner": 1,
      "vel_x": 0.0,
      "vel_y": 0.0,
      "x": 107.701058598476,
      "y": 101.750125937539
     },
     {
      "cooldown": 0,
      "docking": {
       "planet_id": 1,
       "status": "docking",
       "turns_left": 5
      },
      "health": 255,
      "id": 9,
      "owner": 1,
      "vel_x": 0.0,
      "vel_y": 0.0,
      "x": 108.799935765247,
      "y": 101.948834969434
     }
    ],
    "Time": 0,
    "Turn": 24
   },
   {
    "Commands": [
     {
      "angle": 26,
      "magnitude": 6,
      "owner": 1,
      "queue_number": 0,
      "shipId": 11,
      "type": "thrust"
     }
    ],
    "Planets": [
     {
      "current_production": 18,
      "docked_ships": [
       5,
       6,
       9
      ],
      "health": 1823,
      "id": 1,
      "owner": 1,
      "remaining_production": 1029
     },
     {
      "current_production": 60,
      "docked_ships": [
       3,
       4
      ],
      "health": 1329,
      "id": 8,
      "owner": 1,
      "remaining_production": 750
     }
    ],
    "Ships": [
     {
      "cooldown": 0,
      "docking": {
       "status": "undocked"
      },
      "health": 255,
      "id": 11,
      "owner": 1,
      "vel_x": 0.0,
      "vel_y": 0.0,
      "x": 121.628568567754,
      "y": 86.3944225907759
     },
     {
      "cooldown": 0,
      "docking": {
       "planet_id": 8,
       "status": "docked"
      },
      "health": 255,
      "id": 3,
      "owner": 1,
      "vel_x": 0.0,
      "vel_y": 0.0,
      "x": 109.074089357038,
      "y": 121.271199256907
     },
     {
      "cooldown": 0,
      "docking": {
       "planet_id": 8,
       "status": "docked"
      },
      "health": 255,
      "id": 4,
      "owner": 1,
      "vel_x": 0.0,
      "vel_y": 0.0,
      "x": 108.386155558412,
      "y": 120.144984642796
     },
     {
      "cooldown": 0,
      "docking": {
       "planet_id": 1,
       "status": "docked"
      },
      "health": 255,
      "id": 5,
      "owner": 1,
      "vel_x": 0.0,
      "vel_y": 0.0,
      "x": 111.501892575206,
      "y": 101.17403232636
     },
     {
      "cooldown": 0,
      "docking": {
       "planet_id": 1,
       "status": "docked"
      },
      "health": 255,
      "id": 6,
      "owner": 1,
      "vel_x": 0.0,
      "vel_y": 0.0,
      "x": 107.701058598476,
      "y": 101.750125937539
     },
     {
      "cooldown": 0,
      "docking": {
       "planet_id": 1,
       "status": "docking",
       "turns_left": 4
      },
      "health": 255,
      "id": 9,
      "owner": 1,
      "vel_x": 0.0,
      "vel_y": 0.0,
      "x": 108.799935765247,
      "y": 101.948834969434
     }
    ],
    "Time": 0,
    "Turn": 25
   }
  ],
  "PlayerID": 1,
  "PlayerName": "ServerBot"
 }
]
